[2019-02-11T14:53:58] INFO  PID-9665 TID-47454376912320 Rails: Started POST "/users" for 127.0.0.1 at 2019-02-11 14:53:58 +0400
[2019-02-11T14:53:58] INFO  PID-9665 TID-47454376912320 ActionController::Base: Processing by RegistrationsController#create as HTML
[2019-02-11T14:53:58] INFO  PID-9665 TID-47454376912320 ActionController::Base:   Parameters: {"utf8"=>"✓", "authenticity_token"=>"/4MNpPY3Da6dOUZU6EzDKGfx+cEIoo4Y7A1V/I1Uw8l1pWfIblGpZer1BPNHqnUJq2fhjGKylwUhTEJ2BgtbNg==", "user"=>{"email"=>"user1@gmail.com", "username"=>"user1", "password"=>"[FILTERED]", "password_confirmation"=>"[FILTERED]", "captcha"=>"78940", "captcha_key"=>"75fa8b2226013aba81561729dc121e5fce73a862"}, "commit"=>"Create account"}
[2019-02-11T14:53:58] DEBUG PID-9665 TID-47454376912320 ActiveRecord::Base:   User Exists (0.3ms)  SELECT  1 AS one FROM "users" WHERE "users"."email" = $1 LIMIT $2  [["email", "user1@gmail.com"], ["LIMIT", 1]]
[2019-02-11T14:53:58] DEBUG PID-9665 TID-47454376912320 ActiveRecord::Base:   User Exists (0.2ms)  SELECT  1 AS one FROM "users" WHERE "users"."username" = $1 LIMIT $2  [["username", "user1"], ["LIMIT", 1]]
[2019-02-11T14:53:58] DEBUG PID-9665 TID-47454376912320 ActiveRecord::Base:   User Exists (0.2ms)  SELECT  1 AS one FROM "users" WHERE (id != NULL AND email = NULL) LIMIT $1  [["LIMIT", 1]]
[2019-02-11T14:53:58] DEBUG PID-9665 TID-47454376912320 ActiveRecord::Base:   Person Exists (0.2ms)  SELECT  1 AS one FROM "people" WHERE "people"."diaspora_handle" = $1 LIMIT $2  [["diaspora_handle", "user1@127.0.0.1"], ["LIMIT", 1]]
[2019-02-11T14:53:59] DEBUG PID-9665 TID-47454376912320 ActiveRecord::Base:   CACHE User Exists (0.0ms)  SELECT  1 AS one FROM "users" WHERE "users"."email" = $1 LIMIT $2  [["email", "user1@gmail.com"], ["LIMIT", 1]]
[2019-02-11T14:53:59] DEBUG PID-9665 TID-47454376912320 ActiveRecord::Base:   CACHE User Exists (0.0ms)  SELECT  1 AS one FROM "users" WHERE "users"."username" = $1 LIMIT $2  [["username", "user1"], ["LIMIT", 1]]
[2019-02-11T14:53:59] DEBUG PID-9665 TID-47454376912320 ActiveRecord::Base:   CACHE User Exists (0.0ms)  SELECT  1 AS one FROM "users" WHERE (id != NULL AND email = NULL) LIMIT $1  [["LIMIT", 1]]
[2019-02-11T14:53:59] DEBUG PID-9665 TID-47454376912320 ActiveRecord::Base:   Person Exists (0.4ms)  SELECT  1 AS one FROM "people" WHERE "people"."guid" = $1 LIMIT $2  [["guid", "4212a0601019013735eb28d244506873"], ["LIMIT", 1]]
[2019-02-11T14:53:59] DEBUG PID-9665 TID-47454376912320 ActiveRecord::Base:    (0.3ms)  SELECT "people"."diaspora_handle" FROM "people" WHERE "people"."guid" = $1 AND ("people"."diaspora_handle" != $2)  [["guid", "4212a0601019013735eb28d244506873"], ["diaspora_handle", "user1@127.0.0.1"]]
[2019-02-11T14:53:59] DEBUG PID-9665 TID-47454376912320 ActiveRecord::Base:   CACHE Person Exists (0.0ms)  SELECT  1 AS one FROM "people" WHERE "people"."diaspora_handle" = $1 LIMIT $2  [["diaspora_handle", "user1@127.0.0.1"], ["LIMIT", 1]]
[2019-02-11T14:53:59] DEBUG PID-9665 TID-47454376912320 ActiveRecord::Base:   CACHE Person Exists (0.0ms)  SELECT  1 AS one FROM "people" WHERE "people"."diaspora_handle" = $1 LIMIT $2  [["diaspora_handle", "user1@127.0.0.1"], ["LIMIT", 1]]
[2019-02-11T14:53:59] DEBUG PID-9665 TID-47454376912320 ActiveRecord::Base:   SimpleCaptcha::SimpleCaptchaData Load (0.3ms)  SELECT  "simple_captcha_data".* FROM "simple_captcha_data" WHERE "simple_captcha_data"."key" = $1 ORDER BY "simple_captcha_data"."id" ASC LIMIT $2  [["key", "75fa8b2226013aba81561729dc121e5fce73a862"], ["LIMIT", 1]]
[2019-02-11T14:53:59] DEBUG PID-9665 TID-47454376912320 ActiveRecord::Base:   SQL (71.2ms)  DELETE FROM "simple_captcha_data" WHERE ("key" = '75fa8b2226013aba81561729dc121e5fce73a862')
[2019-02-11T14:53:59] DEBUG PID-9665 TID-47454376912320 ActiveRecord::Base:   SQL (0.6ms)  DELETE FROM "simple_captcha_data" WHERE ("updated_at" < '2019-02-11 09:53:59.337733')
[2019-02-11T14:53:59] DEBUG PID-9665 TID-47454376912320 ActiveRecord::Base:    (0.3ms)  BEGIN
[2019-02-11T14:53:59] DEBUG PID-9665 TID-47454376912320 ActiveRecord::Base:   SQL (1.4ms)  INSERT INTO "users" ("username", "serialized_private_key", "language", "email", "encrypted_password", "created_at", "updated_at", "color_theme") VALUES ($1, $2, $3, $4, $5, $6, $7, $8) RETURNING "id"  [["username", "user1"], ["serialized_private_key", "-----BEGIN RSA PRIVATE KEY-----\nMIIJKgIBAAKCAgEAxebDG8MvymvjtN7RgcO6n0KtvNQKrlPUQMt9GsSrujW19ZK5\nvf4PLUEB8CrRJmkYnEdh7qQtF/6deyOEHxLNzSe1vO1H/1bFnk5daZ+I2ttfdS/K\nfKKG2V16K8T4/Xf4MYjRpHHgbVP8+D1ecaHXFddUc5EbSfuZ1mFLpFtM56TsbQBt\nV0GZTcv68tQklWO3SrnUhEoaIwWWRBYv4BJtqNpZHhebfpX4nzJNs15q3VJhBCE6\np9Kmu8s217Jb6NqWfdMpJaUk6rQ6iOjzNHxhxJnoGCwUEbITyEu4AOd+EWHXpRpM\nKY+Ytmjlym2+7iJPkJRZLVLwTwFoGOYsODcA8bHUI2kBtE2SOUYW9ax5FgvFJ7nl\ntgDkw6EI/bb3Mejl2fmhqZ5ELmjUhswrW/2GjHqBaVYhwXYyMA1CAkQ9x4Ffj0oj\nHtshHvGWKblZhzgYuVryLc1Q5aS3DwAic2AJF0eycGZSYsPDPLXbaIk+PKB07G8Q\nhLLA1+MSZ3CAkFVo+5iLI+fADXcSo0uCvqL4mlOu4bLsjgtkjpGtyY8frJH+9WUO\n36+tDCkY1Hvq1/sz4s4iRcID4rwTwI7iZRZAGtatWAX+gQ6HpT/Opao1a2EsG9xV\nh9zQDT9TpUs6bHRV3fXU+LvfHTIjLg8foCHTgT0i/y1piQH/7pN/IbTKV+ECAwEA\nAQKCAgEAsrhogPzvft2aQTBsgcTyF3uPDRVtI+vepjlenLr53us8jS7ZgSQcLqEj\nj/IK+aY1rISmg25Orvmo3JjBa5J+uwRekuSyfXyucP2STJ3faM5uUZU8Rvw7zbcm\narqypa0fPhSyRtD0fac4sDIzxWkDpdzVjpx/yXtnfXxWZHJzbEq7nOCi3gcG3IQW\n+A7vjt4DnH9f1axaGECmaIyk5bWexLuTeaKWMWZcpeA23YKp/X+0z5b2srKBEt09\nhOO1Lv+gorb81NtkEHV820GMyVx+qp7XRGUiJqzsQplm7aIhbq8uoRKzr2DX5/up\ncftUTxg7RHVEZ7McBC1gBgRv8MBznzq/9NbSCYPAj1Rvi9ocsTonN5QEHYNseViY\nvShD0cqmxq00tc/qbTSXwTY0peN/Ko0MHhw2uDhO5P3YG4iOLAbbZH8sTyorNnsh\n/xThaFsamSAwnsdxX1xuwrNJIoqkeDpsgdFNDxr7i8BliYIGmfM8B2AsJe6Bc8lZ\n7qgX9ufbxLV6FUqs0d3rk9mvvNC9M7LeTK7ljOmxtAugoY0XycanSddDOqJpzDgI\nORUIkWHI40vUubBA8ctEkv/A0z/a+4n6cMeaubnSs2vP7nUVoduQATYu8KV4rQHH\nTrSeD7wMCv0jVpIhKBuNchdnPNwQb7WNotrjVl7xdqQa0EmgAQECggEBAO+/Wbfp\nW2UDNB1YyPisoKbvXM2oR86Z+NvHPVad1nW3sA895Ue2WDPmxG47LLZglgzlia7i\nvyA83QmBuj3LLugrbSKkB3oUJLbUkcVRPM0VzcfN7XRjlvg0ksPFUmP/u9Ky38At\nuwUyIMDmE+eOeivK8z0HoqtS9pNKtMhWS04Z90m5w6sAHOF7uhQQS/SIzvmPGRVZ\n7S5rvznNsEMXOrtBX6OOJBYfcEsLVTcXC3Mpi250glUakpUkScDIi8FtuIi3hvVu\nEUNdzk+DOsNy0WkDwtjiV+D2lulE+NhPxNXkI+psrATZIHO67e8zd9X4oOcs4De6\ngmChPAg9ronsunECggEBANNRM+l+qwF9dWZFwyeoMnVr00qfOLpEIKoXxAOXK+uQ\nHr9Xadj8btIKiYA1ib5TjEpCNzT/4c75cw3eKf7IxfNKq/FCxrU8Fk3oORR74Ly0\nsI4qBYewPewfhf+Bfk+NPWimfrQi7pYBKilri3Qv3rf+WMThZU19n5Z1alX0GABu\nwjXHZwrP8zyoLLw57O/1RUW5uRUDj8SfF9uFXRuZi7l8ytkX6Ti48Ug+hEJgV9Er\nSsDd1XeDuvr7tDCl1R/D5GMsE2YvB/faEbObgGcrJIz4T4FhLDx3LHS9kMnEir3w\nR5xG/alaFvhVzvWZ5Tq3ZVeucmu16kjfXhVWolNazHECggEAerBPt4AiF0VWbBY9\ncpTU+djQgyY06RN+eOozB5pqX3+LB6HDLbmw1Y6ow0hhD0vKPftRREAhUtwSuYS7\nzFeoP4PJq8qJUP3x8+ZAWtvB46nezvshI0i7v3UYDjtyeF4svhxvyKceaABJJq4X\nTY5qEvMfGwJHSqmAKcw3S7ZtfyBmnkIEUgQSw4lPpmjYleFVGf0S9ww4BmN5Tplm\nNE807RL9YHOjH/civiSkjTar01lVU0coU2jvzobtf0yhyHDf2Ici94JGL1VX+PTN\nI6wkYjtcgSUDl8pZXDLBreDUeCjyAEtwlGKQ6uikTp7mGofLv8IFVD+L7OtWD1mR\ncl/E4QKCAQEAtl8uXiVjkDWmTE2Iz4Dpi00zXQNtAdQqHKHGGRMuZG5NGvVl9E5n\nlf5iDLQn3IpeWPgsjSEI0IeYNC+4Lps3u3CGVAE9XMwus63nFTaUDkgi146Mlz4T\nMuVBz/ECAcXzaY3Ha895+RuoN3cJM4zcug5YrhGYS/hO8psC2ot+62CrW55r33j4\ngzDg6tFTGwSidDqE8Q3R1e83t8yxPlCVtc9tgU6RiNKT6bWKj352S58BNNI+mJan\nmFQCfrmf5Xo6cRxo4ZdVWSJqhId/mYoyUTc75nzmoIh5ZYb0ni1xT9s+8jCSWsXV\nbR0hL/VRUAtW+wUi2rJ1L88Wc3QBQ87pAQKCAQEA5QnzHCzU6KxJNxyorTt+pbDF\nw5T713/Dh32bU/NK5oHuf970RGzJwtZxiE/1pi5xM+emRH7OAmAhHVjcOqF7xjX1\nN3XQ2iyyiI0o+7cg3OWWAAVndzOcewuvYPlA4sSpd8IG6l+MjDu0ClI7tWfNNEqM\nqYY+oNZ/JzNN7B0cpbpouvPlyXt9pFxEzhSlA4sHj+0toWSKQ1bKX3H0Q3o06jbK\nzVnTPfOZRNPxh/5srkDbEYlnZgp6p3fiUqsK0pethHUTefgy/4EZh6BXScZfwZJE\nywOmfrnyLI+Cemefi+9gabPvRAHbjY9BKBNMOVbIt8futyxruyK/+rc2k2kZIg==\n-----END RSA PRIVATE KEY-----\n"], ["language", "en"], ["email", "user1@gmail.com"], ["encrypted_password", "$2a$10$408zooOxx9.C.sNm9Csg0.uY83YZ.1f6qX1m4tn3D8tD03jbPPs62"], ["created_at", "2019-02-11 10:53:59.340877"], ["updated_at", "2019-02-11 10:53:59.340877"], ["color_theme", "original"]]
[2019-02-11T14:53:59] DEBUG PID-9665 TID-47454376912320 ActiveRecord::Base:   Person Exists (0.5ms)  SELECT  1 AS one FROM "people" WHERE "people"."guid" = $1 LIMIT $2  [["guid", "4212a0601019013735eb28d244506873"], ["LIMIT", 1]]
[2019-02-11T14:53:59] DEBUG PID-9665 TID-47454376912320 ActiveRecord::Base:    (0.5ms)  SELECT "people"."diaspora_handle" FROM "people" WHERE "people"."guid" = $1 AND ("people"."diaspora_handle" != $2)  [["guid", "4212a0601019013735eb28d244506873"], ["diaspora_handle", "user1@127.0.0.1"]]
[2019-02-11T14:53:59] DEBUG PID-9665 TID-47454376912320 ActiveRecord::Base:   Person Exists (0.6ms)  SELECT  1 AS one FROM "people" WHERE "people"."diaspora_handle" = $1 LIMIT $2  [["diaspora_handle", "user1@127.0.0.1"], ["LIMIT", 1]]
[2019-02-11T14:53:59] DEBUG PID-9665 TID-47454376912320 ActiveRecord::Base:   SQL (0.5ms)  INSERT INTO "people" ("guid", "diaspora_handle", "serialized_public_key", "owner_id", "created_at", "updated_at") VALUES ($1, $2, $3, $4, $5, $6) RETURNING "id"  [["guid", "4212a0601019013735eb28d244506873"], ["diaspora_handle", "user1@127.0.0.1"], ["serialized_public_key", "-----BEGIN PUBLIC KEY-----\nMIICIjANBgkqhkiG9w0BAQEFAAOCAg8AMIICCgKCAgEAxebDG8MvymvjtN7RgcO6\nn0KtvNQKrlPUQMt9GsSrujW19ZK5vf4PLUEB8CrRJmkYnEdh7qQtF/6deyOEHxLN\nzSe1vO1H/1bFnk5daZ+I2ttfdS/KfKKG2V16K8T4/Xf4MYjRpHHgbVP8+D1ecaHX\nFddUc5EbSfuZ1mFLpFtM56TsbQBtV0GZTcv68tQklWO3SrnUhEoaIwWWRBYv4BJt\nqNpZHhebfpX4nzJNs15q3VJhBCE6p9Kmu8s217Jb6NqWfdMpJaUk6rQ6iOjzNHxh\nxJnoGCwUEbITyEu4AOd+EWHXpRpMKY+Ytmjlym2+7iJPkJRZLVLwTwFoGOYsODcA\n8bHUI2kBtE2SOUYW9ax5FgvFJ7nltgDkw6EI/bb3Mejl2fmhqZ5ELmjUhswrW/2G\njHqBaVYhwXYyMA1CAkQ9x4Ffj0ojHtshHvGWKblZhzgYuVryLc1Q5aS3DwAic2AJ\nF0eycGZSYsPDPLXbaIk+PKB07G8QhLLA1+MSZ3CAkFVo+5iLI+fADXcSo0uCvqL4\nmlOu4bLsjgtkjpGtyY8frJH+9WUO36+tDCkY1Hvq1/sz4s4iRcID4rwTwI7iZRZA\nGtatWAX+gQ6HpT/Opao1a2EsG9xVh9zQDT9TpUs6bHRV3fXU+LvfHTIjLg8foCHT\ngT0i/y1piQH/7pN/IbTKV+ECAwEAAQ==\n-----END PUBLIC KEY-----\n"], ["owner_id", 3], ["created_at", "2019-02-11 10:53:59.353028"], ["updated_at", "2019-02-11 10:53:59.353028"]]
[2019-02-11T14:53:59] DEBUG PID-9665 TID-47454376912320 ActiveRecord::Base:   SQL (0.4ms)  INSERT INTO "profiles" ("person_id", "created_at", "updated_at", "full_name") VALUES ($1, $2, $3, $4) RETURNING "id"  [["person_id", 3], ["created_at", "2019-02-11 10:53:59.356783"], ["updated_at", "2019-02-11 10:53:59.356783"], ["full_name", ""]]
[2019-02-11T14:53:59] DEBUG PID-9665 TID-47454376912320 ActiveRecord::Base:   ActsAsTaggableOn::Tag Load (0.4ms)  SELECT "tags".* FROM "tags" INNER JOIN "taggings" ON "tags"."id" = "taggings"."tag_id" WHERE "taggings"."taggable_id" = $1 AND "taggings"."taggable_type" = $2 AND (taggings.context = 'tags' AND taggings.tagger_id IS NULL) ORDER BY taggings.id  [["taggable_id", 3], ["taggable_type", "Profile"]]
[2019-02-11T14:53:59] DEBUG PID-9665 TID-47454376912320 ActiveRecord::Base:   SQL (0.3ms)  UPDATE "users" SET "unconfirmed_email" = NULL, "confirm_email_token" = NULL WHERE "users"."unconfirmed_email" = $1  [["unconfirmed_email", "user1@gmail.com"]]
[2019-02-11T14:53:59] DEBUG PID-9665 TID-47454376912320 ActiveRecord::Base:    (8.5ms)  COMMIT
[2019-02-11T14:53:59] DEBUG PID-9665 TID-47454376912320 ActiveRecord::Base:    (0.1ms)  BEGIN
[2019-02-11T14:53:59] DEBUG PID-9665 TID-47454376912320 ActiveRecord::Base:   User Load (0.6ms)  SELECT  "users".* FROM "users" WHERE "users"."id" = $1 LIMIT $2  [["id", 3], ["LIMIT", 1]]
[2019-02-11T14:53:59] DEBUG PID-9665 TID-47454376912320 ActiveRecord::Base:   Aspect Exists (17.2ms)  SELECT  1 AS one FROM "aspects" WHERE LOWER("aspects"."name") = LOWER($1) AND "aspects"."user_id" = $2 LIMIT $3  [["name", "Family"], ["user_id", 3], ["LIMIT", 1]]
[2019-02-11T14:53:59] DEBUG PID-9665 TID-47454376912320 ActiveRecord::Base:    (0.3ms)  SELECT MAX("aspects"."order_id") FROM "aspects" WHERE "aspects"."user_id" = $1  [["user_id", 3]]
[2019-02-11T14:53:59] DEBUG PID-9665 TID-47454376912320 ActiveRecord::Base:   SQL (0.2ms)  INSERT INTO "aspects" ("name", "user_id", "created_at", "updated_at", "order_id") VALUES ($1, $2, $3, $4, $5) RETURNING "id"  [["name", "Family"], ["user_id", 3], ["created_at", "2019-02-11 10:53:59.393456"], ["updated_at", "2019-02-11 10:53:59.393456"], ["order_id", 1]]
[2019-02-11T14:53:59] DEBUG PID-9665 TID-47454376912320 ActiveRecord::Base:    (42.1ms)  COMMIT
[2019-02-11T14:53:59] DEBUG PID-9665 TID-47454376912320 ActiveRecord::Base:    (0.1ms)  BEGIN
[2019-02-11T14:53:59] DEBUG PID-9665 TID-47454376912320 ActiveRecord::Base:   User Load (0.3ms)  SELECT  "users".* FROM "users" WHERE "users"."id" = $1 LIMIT $2  [["id", 3], ["LIMIT", 1]]
[2019-02-11T14:53:59] DEBUG PID-9665 TID-47454376912320 ActiveRecord::Base:   Aspect Exists (0.4ms)  SELECT  1 AS one FROM "aspects" WHERE LOWER("aspects"."name") = LOWER($1) AND "aspects"."user_id" = $2 LIMIT $3  [["name", "Friends"], ["user_id", 3], ["LIMIT", 1]]
[2019-02-11T14:53:59] DEBUG PID-9665 TID-47454376912320 ActiveRecord::Base:    (0.2ms)  SELECT MAX("aspects"."order_id") FROM "aspects" WHERE "aspects"."user_id" = $1  [["user_id", 3]]
[2019-02-11T14:53:59] DEBUG PID-9665 TID-47454376912320 ActiveRecord::Base:   SQL (0.2ms)  INSERT INTO "aspects" ("name", "user_id", "created_at", "updated_at", "order_id") VALUES ($1, $2, $3, $4, $5) RETURNING "id"  [["name", "Friends"], ["user_id", 3], ["created_at", "2019-02-11 10:53:59.440883"], ["updated_at", "2019-02-11 10:53:59.440883"], ["order_id", 2]]
[2019-02-11T14:53:59] DEBUG PID-9665 TID-47454376912320 ActiveRecord::Base:    (3.2ms)  COMMIT
[2019-02-11T14:53:59] DEBUG PID-9665 TID-47454376912320 ActiveRecord::Base:    (0.1ms)  BEGIN
[2019-02-11T14:53:59] DEBUG PID-9665 TID-47454376912320 ActiveRecord::Base:   User Load (0.2ms)  SELECT  "users".* FROM "users" WHERE "users"."id" = $1 LIMIT $2  [["id", 3], ["LIMIT", 1]]
[2019-02-11T14:53:59] DEBUG PID-9665 TID-47454376912320 ActiveRecord::Base:   Aspect Exists (1.9ms)  SELECT  1 AS one FROM "aspects" WHERE LOWER("aspects"."name") = LOWER($1) AND "aspects"."user_id" = $2 LIMIT $3  [["name", "Work"], ["user_id", 3], ["LIMIT", 1]]
[2019-02-11T14:53:59] DEBUG PID-9665 TID-47454376912320 ActiveRecord::Base:    (0.4ms)  SELECT MAX("aspects"."order_id") FROM "aspects" WHERE "aspects"."user_id" = $1  [["user_id", 3]]
[2019-02-11T14:53:59] DEBUG PID-9665 TID-47454376912320 ActiveRecord::Base:   SQL (0.3ms)  INSERT INTO "aspects" ("name", "user_id", "created_at", "updated_at", "order_id") VALUES ($1, $2, $3, $4, $5) RETURNING "id"  [["name", "Work"], ["user_id", 3], ["created_at", "2019-02-11 10:53:59.450838"], ["updated_at", "2019-02-11 10:53:59.450838"], ["order_id", 3]]
[2019-02-11T14:53:59] DEBUG PID-9665 TID-47454376912320 ActiveRecord::Base:    (9.1ms)  COMMIT
[2019-02-11T14:53:59] DEBUG PID-9665 TID-47454376912320 ActiveRecord::Base:    (0.2ms)  BEGIN
[2019-02-11T14:53:59] DEBUG PID-9665 TID-47454376912320 ActiveRecord::Base:   User Load (0.2ms)  SELECT  "users".* FROM "users" WHERE "users"."id" = $1 LIMIT $2  [["id", 3], ["LIMIT", 1]]
[2019-02-11T14:53:59] DEBUG PID-9665 TID-47454376912320 ActiveRecord::Base:   Aspect Exists (0.3ms)  SELECT  1 AS one FROM "aspects" WHERE LOWER("aspects"."name") = LOWER($1) AND "aspects"."user_id" = $2 LIMIT $3  [["name", "Acquaintances"], ["user_id", 3], ["LIMIT", 1]]
[2019-02-11T14:53:59] DEBUG PID-9665 TID-47454376912320 ActiveRecord::Base:    (0.3ms)  SELECT MAX("aspects"."order_id") FROM "aspects" WHERE "aspects"."user_id" = $1  [["user_id", 3]]
[2019-02-11T14:53:59] DEBUG PID-9665 TID-47454376912320 ActiveRecord::Base:   SQL (0.2ms)  INSERT INTO "aspects" ("name", "user_id", "created_at", "updated_at", "order_id") VALUES ($1, $2, $3, $4, $5) RETURNING "id"  [["name", "Acquaintances"], ["user_id", 3], ["created_at", "2019-02-11 10:53:59.465800"], ["updated_at", "2019-02-11 10:53:59.465800"], ["order_id", 4]]
[2019-02-11T14:53:59] DEBUG PID-9665 TID-47454376912320 ActiveRecord::Base:    (3.0ms)  COMMIT
[2019-02-11T14:53:59] DEBUG PID-9665 TID-47454376912320 ActiveRecord::Base:    (0.1ms)  BEGIN
[2019-02-11T14:53:59] DEBUG PID-9665 TID-47454376912320 ActiveRecord::Base:   SQL (0.6ms)  UPDATE "users" SET "sign_in_count" = $1, "current_sign_in_at" = $2, "last_sign_in_at" = $3, "current_sign_in_ip" = $4, "last_sign_in_ip" = $5, "updated_at" = $6 WHERE "users"."id" = $7  [["sign_in_count", 1], ["current_sign_in_at", "2019-02-11 10:53:59.471393"], ["last_sign_in_at", "2019-02-11 10:53:59.471393"], ["current_sign_in_ip", "127.0.0.1"], ["last_sign_in_ip", "127.0.0.1"], ["updated_at", "2019-02-11 10:53:59.472105"], ["id", 3]]
[2019-02-11T14:53:59] DEBUG PID-9665 TID-47454376912320 ActiveRecord::Base:    (2.9ms)  COMMIT
[2019-02-11T14:53:59] DEBUG PID-9665 TID-47454376912320 ActiveRecord::Base:    (0.2ms)  BEGIN
[2019-02-11T14:53:59] DEBUG PID-9665 TID-47454376912320 ActiveRecord::Base:   User Exists (0.4ms)  SELECT  1 AS one FROM "users" WHERE "users"."username" = $1 AND ("users"."id" != $2) LIMIT $3  [["username", "user1"], ["id", 3], ["LIMIT", 1]]
[2019-02-11T14:53:59] DEBUG PID-9665 TID-47454376912320 ActiveRecord::Base:   User Exists (0.2ms)  SELECT  1 AS one FROM "users" WHERE (id != 3 AND email = NULL) LIMIT $1  [["LIMIT", 1]]
[2019-02-11T14:53:59] DEBUG PID-9665 TID-47454376912320 ActiveRecord::Base:   Person Exists (0.3ms)  SELECT  1 AS one FROM "people" WHERE "people"."guid" = $1 AND ("people"."id" != $2) LIMIT $3  [["guid", "4212a0601019013735eb28d244506873"], ["id", 3], ["LIMIT", 1]]
[2019-02-11T14:53:59] DEBUG PID-9665 TID-47454376912320 ActiveRecord::Base:   Person Exists (0.2ms)  SELECT  1 AS one FROM "people" WHERE "people"."diaspora_handle" = $1 AND ("people"."id" != $2) LIMIT $3  [["diaspora_handle", "user1@127.0.0.1"], ["id", 3], ["LIMIT", 1]]
[2019-02-11T14:53:59] DEBUG PID-9665 TID-47454376912320 ActiveRecord::Base:   SQL (0.6ms)  UPDATE "users" SET "updated_at" = $1, "last_seen" = $2 WHERE "users"."id" = $3  [["updated_at", "2019-02-11 10:53:59.485429"], ["last_seen", "2019-02-11 10:53:59.479226"], ["id", 3]]
[2019-02-11T14:53:59] DEBUG PID-9665 TID-47454376912320 ActiveRecord::Base:    (7.1ms)  COMMIT
[2019-02-11T14:53:59] DEBUG PID-9665 TID-47454376912320 ActiveRecord::Base:   TagFollowing Exists (0.4ms)  SELECT  1 AS one FROM "tag_followings" WHERE "tag_followings"."user_id" = $1 LIMIT $2  [["user_id", 3], ["LIMIT", 1]]
[2019-02-11T14:53:59] INFO  PID-9665 TID-47454376912320 ActionController::Base: Redirected to http://0.0.0.0:3000/getting_started
[2019-02-11T14:53:59] INFO  PID-9665 TID-47454376912320 RegistrationsController: event=registration status=successful user=user1@127.0.0.1
[2019-02-11T14:53:59] INFO  PID-9665 TID-47454376912320 ActionController::Base: Completed 302 Found in 785ms (ActiveRecord: 181.8ms)


[2019-02-11T14:53:59] INFO  PID-9665 TID-47454376912320 Rails: Started GET "/getting_started" for 127.0.0.1 at 2019-02-11 14:53:59 +0400
[2019-02-11T14:53:59] INFO  PID-9665 TID-47454376912320 ActionController::Base: Processing by UsersController#getting_started as HTML
[2019-02-11T14:53:59] DEBUG PID-9665 TID-47454376912320 ActiveRecord::Base:   User Load (0.8ms)  SELECT  "users".* FROM "users" WHERE "users"."id" = $1 ORDER BY "users"."id" ASC LIMIT $2  [["id", 3], ["LIMIT", 1]]
[2019-02-11T14:53:59] DEBUG PID-9665 TID-47454376912320 ActiveRecord::Base:   Person Load (0.3ms)  SELECT  "people".* FROM "people" WHERE "people"."owner_id" = $1 LIMIT $2  [["owner_id", 3], ["LIMIT", 1]]
[2019-02-11T14:53:59] DEBUG PID-9665 TID-47454376912320 ActiveRecord::Base:   Profile Load (0.3ms)  SELECT  "profiles".* FROM "profiles" WHERE "profiles"."person_id" = $1 LIMIT $2  [["person_id", 3], ["LIMIT", 1]]
[2019-02-11T14:53:59] DEBUG PID-9665 TID-47454376912320 ActiveRecord::Base:   ActsAsTaggableOn::Tag Load (0.6ms)  SELECT "tags".* FROM "tags" INNER JOIN "tag_followings" ON "tags"."id" = "tag_followings"."tag_id" WHERE "tag_followings"."user_id" = $1 ORDER BY tags.name  [["user_id", 3]]
[2019-02-11T14:53:59] INFO  PID-9665 TID-47454376912320 ActionView::Base:   Rendering users/getting_started.haml within layouts/with_header_with_footer
[2019-02-11T14:53:59] INFO  PID-9665 TID-47454376912320 ActionView::Base:   Rendered photos/_new_profile_photo.haml (54.0ms)
[2019-02-11T14:53:59] INFO  PID-9665 TID-47454376912320 ActionView::Base:   Rendered users/getting_started.haml within layouts/with_header_with_footer (86.2ms)
[2019-02-11T14:53:59] INFO  PID-9665 TID-47454376912320 ActionView::Base:   Rendered shared/_links.haml (4.2ms)
[2019-02-11T14:53:59] INFO  PID-9665 TID-47454376912320 ActionView::Base:   Rendered layouts/_footer.html.haml (7.0ms)
[2019-02-11T14:53:59] INFO  PID-9665 TID-47454376912320 ActionView::Base:   Rendering layouts/with_header.html.haml
[2019-02-11T14:53:59] INFO  PID-9665 TID-47454376912320 ActionView::Base:   Rendered layouts/_header.html.haml (3.8ms)
[2019-02-11T14:53:59] INFO  PID-9665 TID-47454376912320 ActionView::Base:   Rendering layouts/application.html.haml
[2019-02-11T14:54:00] DEBUG PID-9665 TID-47454376912320 ActiveRecord::Base:    (0.5ms)  SELECT COUNT(*) FROM "notifications" WHERE "notifications"."recipient_id" = $1 AND "notifications"."unread" = $2  [["recipient_id", 3], ["unread", "t"]]
[2019-02-11T14:54:00] DEBUG PID-9665 TID-47454376912320 ActiveRecord::Base:    (0.3ms)  SELECT SUM("conversation_visibilities"."unread") FROM "conversation_visibilities" WHERE "conversation_visibilities"."person_id" = $1  [["person_id", 3]]
[2019-02-11T14:54:00] DEBUG PID-9665 TID-47454376912320 ActiveRecord::Base:   Role Exists (0.3ms)  SELECT  1 AS one FROM "roles" WHERE "roles"."person_id" = $1 AND "roles"."name" = $2 LIMIT $3  [["person_id", 3], ["name", "admin"], ["LIMIT", 1]]
[2019-02-11T14:54:00] DEBUG PID-9665 TID-47454376912320 ActiveRecord::Base:   Role Exists (0.3ms)  SELECT  1 AS one FROM "roles" WHERE "roles"."name" IN ('moderator', 'admin') AND "roles"."person_id" = $1 LIMIT $2  [["person_id", 3], ["LIMIT", 1]]
[2019-02-11T14:54:00] DEBUG PID-9665 TID-47454376912320 ActiveRecord::Base:   Aspect Load (0.3ms)  SELECT "aspects".* FROM "aspects" WHERE "aspects"."user_id" = $1 ORDER BY order_id ASC  [["user_id", 3]]
[2019-02-11T14:54:00] DEBUG PID-9665 TID-47454376912320 ActiveRecord::Base:   Service Load (0.2ms)  SELECT "services".* FROM "services" WHERE "services"."user_id" = $1  [["user_id", 3]]
[2019-02-11T14:54:00] DEBUG PID-9665 TID-47454376912320 ActiveRecord::Base:    (0.3ms)  SELECT COUNT(*) FROM "contacts" WHERE "contacts"."user_id" = $1 AND "contacts"."receiving" = $2  [["user_id", 3], ["receiving", "t"]]
[2019-02-11T14:54:00] INFO  PID-9665 TID-47454376912320 ActionView::Base:   Rendered application/_head.haml (35.1ms)
[2019-02-11T14:54:00] INFO  PID-9665 TID-47454376912320 ActionView::Base:   Rendered layouts/application.html.haml (501.4ms)
[2019-02-11T14:54:00] INFO  PID-9665 TID-47454376912320 ActionView::Base:   Rendered layouts/with_header.html.haml (509.6ms)
[2019-02-11T14:54:00] INFO  PID-9665 TID-47454376912320 ActionController::Base: Completed 200 OK in 643ms (Views: 625.2ms | ActiveRecord: 4.1ms)


[2019-02-11T14:54:02] INFO  PID-9665 TID-47454376912320 Rails: Started GET "/notifications?per_page=10&page=1&_=1549882440300" for 127.0.0.1 at 2019-02-11 14:54:02 +0400
[2019-02-11T14:54:02] INFO  PID-9665 TID-47454376912320 ActionController::Base: Processing by NotificationsController#index as JSON
[2019-02-11T14:54:02] INFO  PID-9665 TID-47454376912320 ActionController::Base:   Parameters: {"per_page"=>"10", "page"=>"1", "_"=>"1549882440300"}
[2019-02-11T14:54:02] DEBUG PID-9665 TID-47454376912320 ActiveRecord::Base:   User Load (0.6ms)  SELECT  "users".* FROM "users" WHERE "users"."id" = $1 ORDER BY "users"."id" ASC LIMIT $2  [["id", 3], ["LIMIT", 1]]
[2019-02-11T14:54:02] DEBUG PID-9665 TID-47454376912320 ActiveRecord::Base:    (0.6ms)  SELECT COUNT(*) FROM "notifications" WHERE "notifications"."recipient_id" = $1  [["recipient_id", 3]]
[2019-02-11T14:54:02] DEBUG PID-9665 TID-47454376912320 ActiveRecord::Base:   Notification Load (0.4ms)  SELECT  "notifications".* FROM "notifications" WHERE "notifications"."recipient_id" = $1 ORDER BY updated_at desc LIMIT $2 OFFSET $3  [["recipient_id", 3], ["LIMIT", 10], ["OFFSET", 0]]
[2019-02-11T14:54:02] DEBUG PID-9665 TID-47454376912320 ActiveRecord::Base:    (0.3ms)  SELECT COUNT(*) FROM "notifications" WHERE "notifications"."recipient_id" = $1 AND "notifications"."unread" = $2  [["recipient_id", 3], ["unread", "t"]]
[2019-02-11T14:54:02] DEBUG PID-9665 TID-47454376912320 ActiveRecord::Base:   Notification Load (0.3ms)  SELECT "notifications".* FROM "notifications" WHERE "notifications"."recipient_id" = $1 AND "notifications"."unread" = $2  [["recipient_id", 3], ["unread", "t"]]
[2019-02-11T14:54:02] INFO  PID-9665 TID-47454376912320 ActionController::Base: Completed 200 OK in 19ms (Views: 0.3ms 