[2019-02-11T22:14:33] INFO  PID-9665 TID-47454376912320 Rails: Started GET "/stream" for 127.0.0.1 at 2019-02-11 22:14:33 +0400
[2019-02-11T22:14:33] INFO  PID-9665 TID-47454376912320 ActionController::Base: Processing by StreamsController#multi as HTML
[2019-02-11T22:14:33] DEBUG PID-9665 TID-47454376912320 ActiveRecord::Base:   User Load (0.4ms)  SELECT  "users".* FROM "users" WHERE "users"."id" = $1 ORDER BY "users"."id" ASC LIMIT $2  [["id", 1], ["LIMIT", 1]]
[2019-02-11T22:14:33] INFO  PID-9665 TID-47454376912320 ActionView::Base:   Rendering streams/main_stream.html.haml within layouts/with_header
[2019-02-11T22:14:33] INFO  PID-9665 TID-47454376912320 ActionView::Base:   Rendered aspects/_aspect_listings.haml (2.0ms)
[2019-02-11T22:14:33] INFO  PID-9665 TID-47454376912320 ActionView::Base:   Rendered tags/_followed_tags_listings.haml (1.9ms)
[2019-02-11T22:14:33] DEBUG PID-9665 TID-47454376912320 ActiveRecord::Base:   InvitationCode Load (0.4ms)  SELECT  "invitation_codes".* FROM "invitation_codes" WHERE "invitation_codes"."user_id" = $1 LIMIT $2  [["user_id", 1], ["LIMIT", 1]]
[2019-02-11T22:14:33] INFO  PID-9665 TID-47454376912320 ActionView::Base:   Rendered shared/_modal.haml (4.3ms)
[2019-02-11T22:14:33] INFO  PID-9665 TID-47454376912320 ActionView::Base:   Rendered shared/_invitations.haml (9.0ms)
[2019-02-11T22:14:34] INFO  PID-9665 TID-47454376912320 ActionView::Base:   Rendered shared/_links.haml (4.4ms)
[2019-02-11T22:14:34] DEBUG PID-9665 TID-47454376912320 ActiveRecord::Base:   Person Load (0.3ms)  SELECT  "people".* FROM "people" WHERE "people"."owner_id" = $1 LIMIT $2  [["owner_id", 1], ["LIMIT", 1]]
[2019-02-11T22:14:34] DEBUG PID-9665 TID-47454376912320 ActiveRecord::Base:   Profile Load (0.2ms)  SELECT  "profiles".* FROM "profiles" WHERE "profiles"."person_id" = $1 LIMIT $2  [["person_id", 1], ["LIMIT", 1]]
[2019-02-11T22:14:34] DEBUG PID-9665 TID-47454376912320 ActiveRecord::Base:   Aspect Load (0.4ms)  SELECT "aspects".* FROM "aspects" WHERE "aspects"."user_id" = $1 AND "aspects"."post_default" = $2 ORDER BY order_id ASC  [["user_id", 1], ["post_default", "t"]]
[2019-02-11T22:14:34] DEBUG PID-9665 TID-47454376912320 ActiveRecord::Base:   CACHE Aspect Load (0.0ms)  SELECT "aspects".* FROM "aspects" WHERE "aspects"."user_id" = $1 AND "aspects"."post_default" = $2 ORDER BY order_id ASC  [["user_id", 1], ["post_default", "t"]]
[2019-02-11T22:14:34] DEBUG PID-9665 TID-47454376912320 ActiveRecord::Base:   Aspect Exists (0.4ms)  SELECT  1 AS one FROM "aspects" WHERE "aspects"."user_id" = $1 LIMIT $2  [["user_id", 1], ["LIMIT", 1]]
[2019-02-11T22:14:34] DEBUG PID-9665 TID-47454376912320 ActiveRecord::Base:    (0.3ms)  SELECT COUNT(*) FROM "aspects" WHERE "aspects"."user_id" = $1  [["user_id", 1]]
[2019-02-11T22:14:34] DEBUG PID-9665 TID-47454376912320 ActiveRecord::Base:   CACHE Aspect Exists (0.0ms)  SELECT  1 AS one FROM "aspects" WHERE "aspects"."user_id" = $1 LIMIT $2  [["user_id", 1], ["LIMIT", 1]]
[2019-02-11T22:14:34] DEBUG PID-9665 TID-47454376912320 ActiveRecord::Base:   CACHE  (0.0ms)  SELECT COUNT(*) FROM "aspects" WHERE "aspects"."user_id" = $1  [["user_id", 1]]
[2019-02-11T22:14:34] DEBUG PID-9665 TID-47454376912320 ActiveRecord::Base:   CACHE Aspect Exists (0.0ms)  SELECT  1 AS one FROM "aspects" WHERE "aspects"."user_id" = $1 LIMIT $2  [["user_id", 1], ["LIMIT", 1]]
[2019-02-11T22:14:34] DEBUG PID-9665 TID-47454376912320 ActiveRecord::Base:   CACHE  (0.0ms)  SELECT COUNT(*) FROM "aspects" WHERE "aspects"."user_id" = $1  [["user_id", 1]]
[2019-02-11T22:14:34] DEBUG PID-9665 TID-47454376912320 ActiveRecord::Base:   Aspect Load (0.4ms)  SELECT "aspects".* FROM "aspects" WHERE "aspects"."user_id" = $1 ORDER BY order_id ASC  [["user_id", 1]]
[2019-02-11T22:14:34] INFO  PID-9665 TID-47454376912320 ActionView::Base:   Rendered aspects/_aspect_dropdown.html.haml (13.0ms)
[2019-02-11T22:14:34] DEBUG PID-9665 TID-47454376912320 ActiveRecord::Base:   Service Load (0.3ms)  SELECT "services".* FROM "services" WHERE "services"."user_id" = $1  [["user_id", 1]]
[2019-02-11T22:14:34] INFO  PID-9665 TID-47454376912320 ActionView::Base:   Rendered shared/_public_explain.haml (6.0ms)
[2019-02-11T22:14:34] INFO  PID-9665 TID-47454376912320 ActionView::Base:   Rendered publisher/_publisher.html.haml (40.7ms)
[2019-02-11T22:14:34] DEBUG PID-9665 TID-47454376912320 ActiveRecord::Base:    (0.7ms)  SELECT COUNT(*) FROM "contacts" WHERE "contacts"."user_id" = $1  [["user_id", 1]]
[2019-02-11T22:14:34] INFO  PID-9665 TID-47454376912320 ActionView::Base:   Rendered aspects/_no_contacts_message.haml (3.7ms)
[2019-02-11T22:14:34] INFO  PID-9665 TID-47454376912320 ActionView::Base:   Rendered aspects/_aspect_stream.haml (57.7ms)
[2019-02-11T22:14:34] INFO  PID-9665 TID-47454376912320 ActionView::Base:   Rendered streams/main_stream.html.haml within layouts/with_header (945.1ms)
[2019-02-11T22:14:34] INFO  PID-9665 TID-47454376912320 ActionView::Base:   Rendered layouts/_header.html.haml (3.6ms)
[2019-02-11T22:14:34] INFO  PID-9665 TID-47454376912320 ActionView::Base:   Rendering layouts/application.html.haml
[2019-02-11T22:14:35] DEBUG PID-9665 TID-47454376912320 ActiveRecord::Base:    (0.5ms)  SELECT COUNT(*) FROM "notifications" WHERE "notifications"."recipient_id" = $1 AND "notifications"."unread" = $2  [["recipient_id", 1], ["unread", "t"]]
[2019-02-11T22:14:35] DEBUG PID-9665 TID-47454376912320 ActiveRecord::Base:    (0.3ms)  SELECT SUM("conversation_visibilities"."unread") FROM "conversation_visibilities" WHERE "conversation_visibilities"."person_id" = $1  [["person_id", 1]]
[2019-02-11T22:14:35] DEBUG PID-9665 TID-47454376912320 ActiveRecord::Base:   Role Exists (0.3ms)  SELECT  1 AS one FROM "roles" WHERE "roles"."person_id" = $1 AND "roles"."name" = $2 LIMIT $3  [["person_id", 1], ["name", "admin"], ["LIMIT", 1]]
[2019-02-11T22:14:35] DEBUG PID-9665 TID-47454376912320 ActiveRecord::Base:   Role Exists (0.4ms)  SELECT  1 AS one FROM "roles" WHERE "roles"."name" IN ('moderator', 'admin') AND "roles"."person_id" = $1 LIMIT $2  [["person_id", 1], ["LIMIT", 1]]
[2019-02-11T22:14:35] DEBUG PID-9665 TID-47454376912320 ActiveRecord::Base:    (0.3ms)  SELECT COUNT(*) FROM "contacts" WHERE "contacts"."user_id" = $1 AND "contacts"."receiving" = $2  [["user_id", 1], ["receiving", "t"]]
[2019-02-11T22:14:35] INFO  PID-9665 TID-47454376912320 ActionView::Base:   Rendered application/_head.haml (29.2ms)
[2019-02-11T22:14:35] INFO  PID-9665 TID-47454376912320 ActionView::Base:   Rendered layouts/application.html.haml (507.5ms)
[2019-02-11T22:14:35] INFO  PID-9665 TID-47454376912320 ActionController::Base: Completed 200 OK in 1466ms (Views: 1455.9ms | ActiveRecord: 5.6ms)


[2019-02-11T22:14:37] INFO  PID-9665 TID-47454376912320 Rails: Started GET "/notifications?per_page=10&page=1&_=1549908875494" for 127.0.0.1 at 2019-02-11 22:14:37 +0400
[2019-02-11T22:14:37] INFO  PID-9665 TID-47454376912320 ActionController::Base: Processing by NotificationsController#index as JSON
[2019-02-11T22:14:37] INFO  PID-9665 TID-47454376912320 ActionController::Base:   Parameters: {"per_page"=>"10", "page"=>"1", "_"=>"1549908875494"}
[2019-02-11T22:14:37] DEBUG PID-9665 TID-47454376912320 ActiveRecord::Base:   User Load (0.6ms)  SELECT  "users".* FROM "users" WHERE "users"."id" = $1 ORDER BY "users"."id" ASC LIMIT $2  [["id", 1], ["LIMIT", 1]]
[2019-02-11T22:14:37] DEBUG PID-9665 TID-47454376912320 ActiveRecord::Base:    (0.5ms)  SELECT COUNT(*) FROM "notifications" WHERE "notifications"."recipient_id" = $1  [["recipient_id", 1]]
[2019-02-11T22:14:37] DEBUG PID-9665 TID-47454376912320 ActiveRecord::Base:   Notification Load (0.4ms)  SELECT  "notifications".* FROM "notifications" WHERE "notifications"."recipient_id" = $1 ORDER BY updated_at desc LIMIT $2 OFFSET $3  [["recipient_id", 1], ["LIMIT", 10], ["OFFSET", 0]]
[2019-02-11T22:14:37] DEBUG PID-9665 TID-47454376912320 ActiveRecord::Base:   Post Load (0.4ms)  SELECT "posts".* FROM "posts" WHERE "posts"."id" = 1
[2019-02-11T22:14:37] DEBUG PID-9665 TID-47454376912320 ActiveRecord::Base:   Person Load (0.3ms)  SELECT "people".* FROM "people" WHERE "people"."id" = 4
[2019-02-11T22:14:37] DEBUG PID-9665 TID-47454376912320 ActiveRecord::Base:   NotificationActor Load (0.5ms)  SELECT "notification_actors".* FROM "notification_actors" WHERE "notification_actors"."notification_id" IN (4, 2)
[2019-02-11T22:14:37] DEBUG PID-9665 TID-47454376912320 ActiveRecord::Base:   CACHE Person Load (0.0ms)  SELECT "people".* FROM "people" WHERE "people"."id" = 4
[2019-02-11T22:14:37] DEBUG PID-9665 TID-47454376912320 ActiveRecord::Base:   Profile Load (0.5ms)  SELECT "profiles".* FROM "profiles" WHERE "profiles"."person_id" = 4
[2019-02-11T22:14:37] DEBUG PID-9665 TID-47454376912320 ActiveRecord::Base:    (0.4ms)  SELECT COUNT(*) FROM "notifications" WHERE "notifications"."recipient_id" = $1 AND "notifications"."unread" = $2  [["recipient_id", 1], ["unread", "t"]]
[2019-02-11T22:14:37] DEBUG PID-9665 TID-47454376912320 ActiveRecord::Base:   Notification Load (0.3ms)  SELECT "notifications".* FROM "notifications" WHERE "notifications"."recipient_id" = $1 AND "notifications"."unread" = $2  [["recipient_id", 1], ["unread", "t"]]
[2019-02-11T22:14:37] DEBUG PID-9665 TID-47454376912320 ActiveRecord::Base:   Person Load (0.3ms)  SELECT  "people".* FROM "people" WHERE "people"."owner_id" = $1 LIMIT $2  [["owner_id", 1], ["LIMIT", 1]]
[2019-02-11T22:14:37] DEBUG PID-9665 TID-47454376912320 ActiveRecord::Base:   Person Load (0.3ms)  SELECT  "people".* FROM "people" WHERE "people"."id" = $1 LIMIT $2  [["id", 1], ["LIMIT", 1]]
[2019-02-11T22:14:37] DEBUG PID-9665 TID-47454376912320 ActiveRecord::Base:   Profile Load (0.2ms)  SELECT  "profiles".* FROM "profiles" WHERE "profiles"."person_id" = $1 LIMIT $2  [["person_id", 1], ["LIMIT", 1]]
[2019-02-11T22:14:37] DEBUG PID-9665 TID-47454376912320 ActiveRecord::Base:   Mention Load (0.6ms)  SELECT "mentions".* FROM "mentions" WHERE "mentions"."mentions_container_id" = $1 AND "mentions"."mentions_container_type" = $2  [["mentions_container_id", 1], ["mentions_container_type", "Post"]]
[2019-02-11T22:14:37] INFO  PID-9665 TID-47454376912320 ActionView::Base:   Rendered notifications/_notification.haml (17.6ms)
[2019-02-11T22:14:37] INFO  PID-9665 TID-47454376912320 ActionView::Base:   Rendered notifications/_notification.haml (2.6ms)
[2019-02-11T22:14:37] INFO  PID-9665 TID-47454376912320 ActionController::Base: Completed 200 OK in 43ms (Views: 0.5ms | ActiveRecord: 5.3ms)


[2019-02-11T22:14:37] INFO  PID-9665 TID-47454376912320 Rails: Started GET "/stream?_=1549908875495" for 127.0.0.1 at 2019-02-11 22:14:37 +0400
[2019-02-11T22:14:37] INFO  PID-9665 TID-47454376912320 ActionController::Base: Processing by StreamsController#multi as JSON
[2019-02-11T22:14:37] INFO  PID-9665 TID-47454376912320 ActionController::Base:   Parameters: {"_"=>"1549908875495"}
[2019-02-11T22:14:37] DEBUG PID-9665 TID-47454376912320 ActiveRecord::Base:   User Load (0.5ms)  SELECT  "users".* FROM "users" WHERE "users"."id" = $1 ORDER BY "users"."id" ASC LIMIT $2  [["id", 1], ["LIMIT", 1]]
[2019-02-11T22:14:37] DEBUG PID-9665 TID-47454376912320 EvilQuery::MultiStream: [EVIL-QUERY] make_relation!
[2019-02-11T22:14:37] DEBUG PID-9665 TID-47454376912320 EvilQuery::MultiStream: [EVIL-QUERY] aspect_post_ids!
[2019-02-11T22:14:37] DEBUG PID-9665 TID-47454376912320 ActiveRecord::Base:    (0.5ms)  SELECT "aspects"."id" FROM "aspects" WHERE "aspects"."user_id" = $1 ORDER BY order_id ASC  [["user_id", 1]]
[2019-02-11T22:14:37] DEBUG PID-9665 TID-47454376912320 User: [EVIL-QUERY] user.construct_shareable_from_others_query
[2019-02-11T22:14:37] DEBUG PID-9665 TID-47454376912320 ActiveRecord::Base:   Person Load (0.5ms)  SELECT  "people".* FROM "people" WHERE "people"."owner_id" = $1 LIMIT $2  [["owner_id", 1], ["LIMIT", 1]]
[2019-02-11T22:14:37] DEBUG PID-9665 TID-47454376912320 ActiveRecord::Base:    (1.7ms)  (SELECT DISTINCT posts.id, posts.updated_at AS updated_at, posts.created_at AS created_at FROM "posts" LEFT OUTER JOIN share_visibilities ON share_visibilities.shareable_id = posts.id AND share_visibilities.shareable_type = 'Post' WHERE "posts"."author_id" IN (SELECT DISTINCT people.id FROM "people" INNER JOIN "contacts" ON "contacts"."person_id" = "people"."id" INNER JOIN "aspect_memberships" ON "aspect_memberships"."contact_id" = "contacts"."id" WHERE "aspect_memberships"."aspect_id" IN (1, 2, 3, 4)) AND ("share_visibilities"."user_id" = 1 AND "share_visibilities"."shareable_type" = 'Post' AND "share_visibilities"."hidden" = 'f' OR "posts"."public" = 't') AND "posts"."type" IN ('StatusMessage', 'Reshare') AND ("posts"."created_at" < '2019-02-11 18:14:38') ORDER BY posts.created_at DESC LIMIT 15) UNION ALL (SELECT DISTINCT posts.id, posts.updated_at AS updated_at, posts.created_at AS created_at FROM "posts" WHERE "posts"."author_id" = 1 AND "posts"."type" IN ('StatusMessage', 'Reshare') AND ("posts"."created_at" < '2019-02-11 18:14:38') ORDER BY posts.created_at DESC LIMIT 15) ORDER BY created_at DESC LIMIT 15
[2019-02-11T22:14:37] DEBUG PID-9665 TID-47454376912320 EvilQuery::MultiStream: [EVIL-QUERY] followed_tags_posts!
[2019-02-11T22:14:37] DEBUG PID-9665 TID-47454376912320 ActiveRecord::Base:    (0.9ms)  SELECT "tags"."id" FROM "tags" INNER JOIN "tag_followings" ON "tags"."id" = "tag_followings"."tag_id" WHERE "tag_followings"."user_id" = $1 ORDER BY tags.name  [["user_id", 1]]
[2019-02-11T22:14:37] DEBUG PID-9665 TID-47454376912320 ActiveRecord::Base:   Block Load (0.5ms)  SELECT "blocks".* FROM "blocks" WHERE "blocks"."user_id" = $1  [["user_id", 1]]
[2019-02-11T22:14:37] DEBUG PID-9665 TID-47454376912320 ActiveRecord::Base:    (0.8ms)  SELECT  DISTINCT posts.*, posts.id FROM "posts" INNER JOIN "taggings" ON "taggings"."taggable_id" = "posts"."id" AND "taggings"."taggable_type" = 'Post' WHERE "posts"."type" IN ('StatusMessage') AND "posts"."public" = 't' AND (taggings.tag_id IN (NULL)) AND (posts.created_at < '2019-02-11 18:14:38') AND "posts"."type" IN ('StatusMessage', 'Reshare') ORDER BY posts.created_at DESC, posts.id DESC LIMIT 15
[2019-02-11T22:14:37] DEBUG PID-9665 TID-47454376912320 EvilQuery::MultiStream: [EVIL-QUERY] mentioned_posts
[2019-02-11T22:14:37] DEBUG PID-9665 TID-47454376912320 ActiveRecord::Base:    (0.9ms)  SELECT  DISTINCT posts.*, posts.id FROM "posts" INNER JOIN "mentions" ON "mentions"."mentions_container_id" = "posts"."id" AND "mentions"."mentions_container_type" = 'Post' LEFT OUTER JOIN share_visibilities ON share_visibilities.shareable_id = posts.id AND share_visibilities.shareable_type = 'Post' WHERE "posts"."type" IN ('StatusMessage') AND ("share_visibilities"."user_id" = 1 OR ("posts"."public" = 't' OR "posts"."author_id" = 1)) AND "mentions"."person_id" = 1 AND (posts.created_at < '2019-02-11 18:14:38') AND "posts"."type" IN ('StatusMessage', 'Reshare') ORDER BY posts.created_at DESC, posts.id DESC LIMIT 15
[2019-02-11T22:14:37] DEBUG PID-9665 TID-47454376912320 ActiveRecord::Base:   Post Load (0.4ms)  SELECT  "posts".* FROM "posts" WHERE "posts"."id" IN (6, 5, 4, 1) AND (posts.created_at < '2019-02-11 18:14:38') AND "posts"."type" IN ('StatusMessage', 'Reshare') ORDER BY posts.created_at DESC, posts.id DESC LIMIT $1  [["LIMIT", 15]]
[2019-02-11T22:14:37] DEBUG PID-9665 TID-47454376912320 ActiveRecord::Base:   Person Load (0.2ms)  SELECT "people".* FROM "people" WHERE "people"."id" = 1
[2019-02-11T22:14:37] DEBUG PID-9665 TID-47454376912320 ActiveRecord::Base:   Profile Load (0.2ms)  SELECT "profiles".* FROM "profiles" WHERE "profiles"."person_id" = 1
[2019-02-11T22:14:37] DEBUG PID-9665 TID-47454376912320 ActiveRecord::Base:   Mention Load (0.2ms)  SELECT "mentions".* FROM "mentions" WHERE "mentions"."mentions_container_type" = $1 AND "mentions"."mentions_container_id" IN (6, 5, 4, 1)  [["mentions_container_type", "Post"]]
[2019-02-11T22:14:37] DEBUG PID-9665 TID-47454376912320 ActiveRecord::Base:   Person Load (0.2ms)  SELECT "people".* FROM "people" WHERE "people"."id" = 4
[2019-02-11T22:14:37] DEBUG PID-9665 TID-47454376912320 ActiveRecord::Base:   Profile Load (0.2ms)  SELECT "profiles".* FROM "profiles" WHERE "profiles"."person_id" = 4
[2019-02-11T22:14:37] DEBUG PID-9665 TID-47454376912320 ActiveRecord::Base:   Like Load (0.4ms)  SELECT "likes".* FROM "likes" WHERE "likes"."author_id" = $1 AND "likes"."target_id" IN (6, 5, 4, 1) AND "likes"."target_type" = $2  [["author_id", 1], ["target_type", "Post"]]
[2019-02-11T22:14:37] DEBUG PID-9665 TID-47454376912320 ActiveRecord::Base:   Mention Load (0.7ms)  SELECT "mentions".* FROM "mentions" WHERE "mentions"."mentions_container_id" = $1 AND "mentions"."mentions_container_type" = $2  [["mentions_container_id", 6], ["mentions_container_type", "Post"]]
[2019-02-11T22:14:37] DEBUG PID-9665 TID-47454376912320 ActiveRecord::Base:   CACHE Person Load (0.0ms)  SELECT "people".* FROM "people" WHERE "people"."id" = 4
[2019-02-11T22:14:37] DEBUG PID-9665 TID-47454376912320 ActiveRecord::Base:   CACHE Profile Load (0.0ms)  SELECT "profiles".* FROM "profiles" WHERE "profiles"."person_id" = 4
[2019-02-11T22:14:37] DEBUG PID-9665 TID-47454376912320 ActiveRecord::Base:   CACHE Mention Load (0.0ms)  SELECT "mentions".* FROM "mentions" WHERE "mentions"."mentions_container_id" = $1 AND "mentions"."mentions_container_type" = $2  [["mentions_container_id", 6], ["mentions_container_type", "Post"]]
[2019-02-11T22:14:37] DEBUG PID-9665 TID-47454376912320 ActiveRecord::Base:   CACHE Person Load (0.0ms)  SELECT "people".* FROM "people" WHERE "people"."id" = 4
[2019-02-11T22:14:37] DEBUG PID-9665 TID-47454376912320 ActiveRecord::Base:   CACHE Profile Load (0.0ms)  SELECT "profiles".* FROM "profiles" WHERE "profiles"."person_id" = 4
[2019-02-11T22:14:37] DEBUG PID-9665 TID-47454376912320 ActiveRecord::Base:   Photo Load (0.3ms)  SELECT "photos".* FROM "photos" WHERE "photos"."status_message_guid" = $1  [["status_message_guid", "a14518d01023013735eb28d244506873"]]
[2019-02-11T22:14:37] DEBUG PID-9665 TID-47454376912320 ActiveRecord::Base:   Location Load (0.2ms)  SELECT  "locations".* FROM "locations" WHERE "locations"."status_message_id" = $1 LIMIT $2  [["status_message_id", 6], ["LIMIT", 1]]
[2019-02-11T22:14:37] DEBUG PID-9665 TID-47454376912320 ActiveRecord::Base:   Poll Load (0.2ms)  SELECT  "polls".* FROM "polls" WHERE "polls"."status_message_id" = $1 LIMIT $2  [["status_message_id", 6], ["LIMIT", 1]]
[2019-02-11T22:14:37] DEBUG PID-9665 TID-47454376912320 ActiveRecord::Base:   Participation Exists (0.3ms)  SELECT  1 AS one FROM "participations" WHERE "participations"."author_id" = $1 AND "participations"."target_id" = 6 LIMIT $2  [["author_id", 1], ["LIMIT", 1]]
[2019-02-11T22:14:37] DEBUG PID-9665 TID-47454376912320 ActiveRecord::Base:   Like Load (0.2ms)  SELECT  "likes".* FROM "likes" WHERE "likes"."target_id" = $1 AND "likes"."target_type" = $2 AND "likes"."positive" = $3 AND "likes"."author_id" = $4 LIMIT $5  [["target_id", 6], ["target_type", "Post"], ["positive", "t"], ["author_id", 1], ["LIMIT", 1]]
[2019-02-11T22:14:37] DEBUG PID-9665 TID-47454376912320 ActiveRecord::Base:   Reshare Load (0.4ms)  SELECT  "posts".* FROM "posts" WHERE "posts"."type" IN ('Reshare') AND "posts"."root_guid" = $1 AND "posts"."author_id" = $2 LIMIT $3  [["root_guid", "a14518d01023013735eb28d244506873"], ["author_id", 1], ["LIMIT", 1]]
[2019-02-11T22:14:37] DEBUG PID-9665 TID-47454376912320 ActiveRecord::Base:   Mention Load (0.4ms)  SELECT "mentions".* FROM "mentions" WHERE "mentions"."mentions_container_id" = $1 AND "mentions"."mentions_container_type" = $2  [["mentions_container_id", 5], ["mentions_container_type", "Post"]]
[2019-02-11T22:14:37] DEBUG PID-9665 TID-47454376912320 ActiveRecord::Base:   CACHE Mention Load (0.0ms)  SELECT "mentions".* FROM "mentions" WHERE "mentions"."mentions_container_id" = $1 AND "mentions"."mentions_container_type" = $2  [["mentions_container_id", 5], ["mentions_container_type", "Post"]]
[2019-02-11T22:14:37] DEBUG PID-9665 TID-47454376912320 ActiveRecord::Base:   Photo Load (0.3ms)  SELECT "photos".* FROM "photos" WHERE "photos"."status_message_guid" = $1  [["status_message_guid", "e5e7b4800ff7013735eb28d244506873"]]
[2019-02-11T22:14:37] DEBUG PID-9665 TID-47454376912320 ActiveRecord::Base:   Location Load (0.2ms)  SELECT  "locations".* FROM "locations" WHERE "locations"."status_message_id" = $1 LIMIT $2  [["status_message_id", 5], ["LIMIT", 1]]
[2019-02-11T22:14:37] DEBUG PID-9665 TID-47454376912320 ActiveRecord::Base:   Poll Load (0.2ms)  SELECT  "polls".* FROM "polls" WHERE "polls"."status_message_id" = $1 LIMIT $2  [["status_message_id", 5], ["LIMIT", 1]]
[2019-02-11T22:14:37] DEBUG PID-9665 TID-47454376912320 ActiveRecord::Base:   Participation Exists (0.3ms)  SELECT  1 AS one FROM "participations" WHERE "participations"."author_id" = $1 AND "participations"."target_id" = 5 LIMIT $2  [["author_id", 1], ["LIMIT", 1]]
[2019-02-11T22:14:37] DEBUG PID-9665 TID-47454376912320 ActiveRecord::Base:   Like Load (0.3ms)  SELECT  "likes".* FROM "likes" WHERE "likes"."target_id" = $1 AND "likes"."target_type" = $2 AND "likes"."positive" = $3 AND "likes"."author_id" = $4 LIMIT $5  [["target_id", 5], ["target_type", "Post"], ["positive", "t"], ["author_id", 1], ["LIMIT", 1]]
[2019-02-11T22:14:37] DEBUG PID-9665 TID-47454376912320 ActiveRecord::Base:   Reshare Load (0.3ms)  SELECT  "posts".* FROM "posts" WHERE "posts"."type" IN ('Reshare') AND "posts"."root_guid" = $1 AND "posts"."author_id" = $2 LIMIT $3  [["root_guid", "e5e7b4800ff7013735eb28d244506873"], ["author_id", 1], ["LIMIT", 1]]
[2019-02-11T22:14:37] DEBUG PID-9665 TID-47454376912320 ActiveRecord::Base:   Mention Load (0.2ms)  SELECT "mentions".* FROM "mentions" WHERE "mentions"."mentions_container_id" = $1 AND "mentions"."mentions_container_type" = $2  [["mentions_container_id", 4], ["mentions_container_type", "Post"]]
[2019-02-11T22:14:37] DEBUG PID-9665 TID-47454376912320 ActiveRecord::Base:   CACHE Mention Load (0.0ms)  SELECT "mentions".* FROM "mentions" WHERE "mentions"."mentions_container_id" = $1 AND "mentions"."mentions_container_type" = $2  [["mentions_container_id", 4], ["mentions_container_type", "Post"]]
[2019-02-11T22:14:37] DEBUG PID-9665 TID-47454376912320 ActiveRecord::Base:   Photo Load (0.1ms)  SELECT "photos".* FROM "photos" WHERE "photos"."status_message_guid" = $1  [["status_message_guid", "da9da3100ff1013735eb28d244506873"]]
[2019-02-11T22:14:37] DEBUG PID-9665 TID-47454376912320 ActiveRecord::Base:   Location Load (0.1ms)  SELECT  "locations".* FROM "locations" WHERE "locations"."status_message_id" = $1 LIMIT $2  [["status_message_id", 4], ["LIMIT", 1]]
[2019-02-11T22:14:37] DEBUG PID-9665 TID-47454376912320 ActiveRecord::Base:   Poll Load (0.1ms)  SELECT  "polls".* FROM "polls" WHERE "polls"."status_message_id" = $1 LIMIT $2  [["status_message_id", 4], ["LIMIT", 1]]
[2019-02-11T22:14:37] DEBUG PID-9665 TID-47454376912320 ActiveRecord::Base:   Participation Exists (0.2ms)  SELECT  1 AS one FROM "participations" WHERE "participations"."author_id" = $1 AND "participations"."target_id" = 4 LIMIT $2  [["author_id", 1], ["LIMIT", 1]]
[2019-02-11T22:14:37] DEBUG PID-9665 TID-47454376912320 ActiveRecord::Base:   Like Load (0.5ms)  SELECT  "likes".* FROM "likes" WHERE "likes"."target_id" = $1 AND "likes"."target_type" = $2 AND "likes"."positive" = $3 AND "likes"."author_id" = $4 LIMIT $5  [["target_id", 4], ["target_type", "Post"], ["positive", "t"], ["author_id", 1], ["LIMIT", 1]]
[2019-02-11T22:14:37] DEBUG PID-9665 TID-47454376912320 ActiveRecord::Base:   Reshare Load (0.5ms)  SELECT  "posts".* FROM "posts" WHERE "posts"."type" IN ('Reshare') AND "posts"."root_guid" = $1 AND "posts"."author_id" = $2 LIMIT $3  [["root_guid", "da9da3100ff1013735eb28d244506873"], ["author_id", 1], ["LIMIT", 1]]
[2019-02-11T22:14:37] DEBUG PID-9665 TID-47454376912320 ActiveRecord::Base:   Mention Load (0.4ms)  SELECT "mentions".* FROM "mentions" WHERE "mentions"."mentions_container_id" = $1 AND "mentions"."mentions_container_type" = $2  [["mentions_container_id", 1], ["mentions_container_type", "Post"]]
[2019-02-11T22:14:37] DEBUG PID-9665 TID-47454376912320 ActiveRecord::Base:   CACHE Mention Load (0.0ms)  SELECT "mentions".* FROM "mentions" WHERE "mentions"."mentions_container_id" = $1 AND "mentions"."mentions_container_type" = $2  [["mentions_container_id", 1], ["mentions_container_type", "Post"]]
[2019-02-11T22:14:37] DEBUG PID-9665 TID-47454376912320 ActiveRecord::Base:   Photo Load (0.2ms)  SELECT "photos".* FROM "photos" WHERE "photos"."status_message_guid" = $1  [["status_message_guid", "178467900f28013735eb28d244506873"]]
[2019-02-11T22:14:37] DEBUG PID-9665 TID-47454376912320 ActiveRecord::Base:   Location Load (0.2ms)  SELECT  "locations".* FROM "locations" WHERE "locations"."status_message_id" = $1 LIMIT $2  [["status_message_id", 1], ["LIMIT", 1]]
[2019-02-11T22:14:37] DEBUG PID-9665 TID-47454376912320 ActiveRecord::Base:   Poll Load (0.2ms)  SELECT  "polls".* FROM "polls" WHERE "polls"."status_message_id" = $1 LIMIT $2  [["status_message_id", 1], ["LIMIT", 1]]
[2019-02-11T22:14:37] DEBUG PID-9665 TID-47454376912320 ActiveRecord::Base:   Participation Exists (0.4ms)  SELECT  1 AS one FROM "participations" WHERE "participations"."author_id" = $1 AND "participations"."target_id" = 1 LIMIT $2  [["author_id", 1], ["LIMIT", 1]]
[2019-02-11T22:14:37] DEBUG PID-9665 TID-47454376912320 ActiveRecord::Base:   Like Load (0.3ms)  SELECT  "likes".* FROM "likes" WHERE "likes"."target_id" = $1 AND "likes"."target_type" = $2 AND "likes"."positive" = $3 AND "likes"."author_id" = $4 LIMIT $5  [["target_id", 1], ["target_type", "Post"], ["positive", "t"], ["author_id", 1], ["LIMIT", 1]]
[2019-02-11T22:14:37] DEBUG PID-9665 TID-47454376912320 ActiveRecord::Base:   Reshare Load (0.3ms)  SELECT  "posts".* FROM "posts" WHERE "posts"."type" IN ('Reshare') AND "posts"."root_guid" = $1 AND "posts"."author_id" = $2 LIMIT $3  [["root_guid", "178467900f28013735eb28d244506873"], ["author_id", 1], ["LIMIT", 1]]
[2019-02-11T22:14:37] DEBUG PID-9665 TID-47454376912320 ActiveRecord::Base:   Comment Load (0.4ms)  SELECT  "comments".* FROM "comments" WHERE "comments"."commentable_id" = $1 AND "comments"."commentable_type" = $2 ORDER BY created_at DESC LIMIT $3  [["commentable_id", 1], ["commentable_type", "Post"], ["LIMIT", 3]]
[2019-02-11T22:14:37] DEBUG PID-9665 TID-47454376912320 ActiveRecord::Base:   Person Load (0.4ms)  SELECT "people".* FROM "people" WHERE "people"."id" IN (1, 4)
[2019-02-11T22:14:37] DEBUG PID-9665 TID-47454376912320 ActiveRecord::Base:   Profile Load (0.4ms)  SELECT "profiles".* FROM "profiles" WHERE "profiles"."person_id" IN (1, 4)
[2019-02-11T22:14:37] DEBUG PID-9665 TID-47454376912320 ActiveRecord::Base:   Mention Load (0.4ms)  SELECT "mentions".* FROM "mentions" WHERE "mentions"."mentions_container_id" = $1 AND "mentions"."mentions_container_type" = $2  [["mentions_container_id", 1], ["mentions_container_type", "Comment"]]
[2019-02-11T22:14:37] DEBUG PID-9665 TID-47454376912320 ActiveRecord::Base:   CACHE Mention Load (0.0ms)  SELECT "mentions".* FROM "mentions" WHERE "mentions"."mentions_container_id" = $1 AND "mentions"."mentions_container_type" = $2  [["mentions_container_id", 1], ["mentions_container_type", "Comment"]]
[2019-02-11T22:14:37] DEBUG PID-9665 TID-47454376912320 ActiveRecord::Base:   Mention Load (0.3ms)  SELECT "mentions".* FROM "mentions" WHERE "mentions"."mentions_container_id" = $1 AND "mentions"."mentions_container_type" = $2  [["mentions_container_id", 2], ["mentions_container_type", "Comment"]]
[2019-02-11T22:14:37] DEBUG PID-9665 TID-47454376912320 ActiveRecord::Base:   CACHE Mention Load (0.0ms)  SELECT "mentions".* FROM "mentions" WHERE "mentions"."mentions_container_id" = $1 AND "mentions"."mentions_container_type" = $2  [["mentions_container_id", 2], ["mentions_container_type", "Comment"]]
[2019-02-11T22:14:37] INFO  PID-9665 TID-47454376912320 ActionController::Base: Completed 200 OK in 96ms (Views: 50.9ms | ActiveRecord: 18.3ms)

