[2019-02-11T22:15:38] INFO  PID-9665 TID-47454376912320 Rails: Started GET "/people/a92853400c22013735eb28d244506873" for 127.0.0.1 at 2019-02-11 22:15:38 +0400
[2019-02-11T22:15:38] INFO  PID-9665 TID-47454376912320 ActionController::Base: Processing by PeopleController#show as HTML
[2019-02-11T22:15:38] INFO  PID-9665 TID-47454376912320 ActionController::Base:   Parameters: {"id"=>"a92853400c22013735eb28d244506873"}
[2019-02-11T22:15:38] DEBUG PID-9665 TID-47454376912320 ActiveRecord::Base:   User Load (0.4ms)  SELECT  "users".* FROM "users" WHERE "users"."id" = $1 ORDER BY "users"."id" ASC LIMIT $2  [["id", 1], ["LIMIT", 1]]
[2019-02-11T22:15:38] DEBUG PID-9665 TID-47454376912320 ActiveRecord::Base:   Person Load (0.2ms)  SELECT  "people".* FROM "people" WHERE "people"."guid" = $1 LIMIT $2  [["guid", "a92853400c22013735eb28d244506873"], ["LIMIT", 1]]
[2019-02-11T22:15:38] DEBUG PID-9665 TID-47454376912320 ActiveRecord::Base:   Notification Load (0.3ms)  SELECT "notifications".* FROM "notifications" WHERE "notifications"."recipient_id" = $1 AND "notifications"."target_type" = $2 AND "notifications"."target_id" = $3 AND "notifications"."unread" = $4  [["recipient_id", 1], ["target_type", "Person"], ["target_id", 1], ["unread", "t"]]
[2019-02-11T22:15:38] DEBUG PID-9665 TID-47454376912320 ActiveRecord::Base:   Contact Load (0.5ms)  SELECT  "contacts".* FROM "contacts" WHERE "contacts"."user_id" = $1 AND "contacts"."person_id" = $2 LIMIT $3  [["user_id", 1], ["person_id", 1], ["LIMIT", 1]]
[2019-02-11T22:15:38] DEBUG PID-9665 TID-47454376912320 ActiveRecord::Base:   Profile Load (0.2ms)  SELECT  "profiles".* FROM "profiles" WHERE "profiles"."person_id" = $1 LIMIT $2  [["person_id", 1], ["LIMIT", 1]]
[2019-02-11T22:15:38] DEBUG PID-9665 TID-47454376912320 ActiveRecord::Base:   Person Load (0.2ms)  SELECT  "people".* FROM "people" WHERE "people"."owner_id" = $1 LIMIT $2  [["owner_id", 1], ["LIMIT", 1]]
[2019-02-11T22:15:38] DEBUG PID-9665 TID-47454376912320 ActiveRecord::Base:   CACHE Contact Load (0.0ms)  SELECT  "contacts".* FROM "contacts" WHERE "contacts"."user_id" = $1 AND "contacts"."person_id" = $2 LIMIT $3  [["user_id", 1], ["person_id", 1], ["LIMIT", 1]]
[2019-02-11T22:15:38] DEBUG PID-9665 TID-47454376912320 ActiveRecord::Base:   Block Load (0.4ms)  SELECT  "blocks".* FROM "blocks" WHERE "blocks"."user_id" = $1 AND "blocks"."person_id" = $2 LIMIT $3  [["user_id", 1], ["person_id", 1], ["LIMIT", 1]]
[2019-02-11T22:15:38] DEBUG PID-9665 TID-47454376912320 ActiveRecord::Base:    (0.6ms)  SELECT "tags"."name" FROM "tags" INNER JOIN "taggings" ON "tags"."id" = "taggings"."tag_id" WHERE "taggings"."taggable_id" = $1 AND "taggings"."taggable_type" = $2 AND "taggings"."context" = $3 ORDER BY taggings.id  [["taggable_id", 1], ["taggable_type", "Profile"], ["context", "tags"]]
[2019-02-11T22:15:38] DEBUG PID-9665 TID-47454376912320 ActiveRecord::Base:    (0.3ms)  SELECT COUNT(*) FROM "photos" WHERE "photos"."author_id" = $1 AND (photos.created_at < '2019-02-11 18:15:39.990364') AND "photos"."pending" = $2  [["author_id", 1], ["pending", "f"]]
[2019-02-11T22:15:38] INFO  PID-9665 TID-47454376912320 ActionView::Base:   Rendering people/show.html.haml within layouts/with_header
[2019-02-11T22:15:39] DEBUG PID-9665 TID-47454376912320 ActiveRecord::Base:   ActsAsTaggableOn::Tag Load (0.6ms)  SELECT "tags".* FROM "tags" INNER JOIN "taggings" ON "tags"."id" = "taggings"."tag_id" WHERE "taggings"."taggable_id" = $1 AND "taggings"."taggable_type" = $2 AND "taggings"."context" = $3 ORDER BY taggings.id  [["taggable_id", 1], ["taggable_type", "Profile"], ["context", "tags"]]
[2019-02-11T22:15:39] DEBUG PID-9665 TID-47454376912320 ActiveRecord::Base:   Aspect Load (0.5ms)  SELECT "aspects".* FROM "aspects" WHERE "aspects"."user_id" = $1 AND "aspects"."post_default" = $2 ORDER BY order_id ASC  [["user_id", 1], ["post_default", "t"]]
[2019-02-11T22:15:39] DEBUG PID-9665 TID-47454376912320 ActiveRecord::Base:   Aspect Exists (0.4ms)  SELECT  1 AS one FROM "aspects" WHERE "aspects"."user_id" = $1 LIMIT $2  [["user_id", 1], ["LIMIT", 1]]
[2019-02-11T22:15:39] DEBUG PID-9665 TID-47454376912320 ActiveRecord::Base:    (0.4ms)  SELECT COUNT(*) FROM "aspects" WHERE "aspects"."user_id" = $1  [["user_id", 1]]
[2019-02-11T22:15:39] DEBUG PID-9665 TID-47454376912320 ActiveRecord::Base:   CACHE Aspect Exists (0.0ms)  SELECT  1 AS one FROM "aspects" WHERE "aspects"."user_id" = $1 LIMIT $2  [["user_id", 1], ["LIMIT", 1]]
[2019-02-11T22:15:39] DEBUG PID-9665 TID-47454376912320 ActiveRecord::Base:   CACHE  (0.0ms)  SELECT COUNT(*) FROM "aspects" WHERE "aspects"."user_id" = $1  [["user_id", 1]]
[2019-02-11T22:15:39] DEBUG PID-9665 TID-47454376912320 ActiveRecord::Base:   CACHE Aspect Exists (0.0ms)  SELECT  1 AS one FROM "aspects" WHERE "aspects"."user_id" = $1 LIMIT $2  [["user_id", 1], ["LIMIT", 1]]
[2019-02-11T22:15:39] DEBUG PID-9665 TID-47454376912320 ActiveRecord::Base:   CACHE  (0.0ms)  SELECT COUNT(*) FROM "aspects" WHERE "aspects"."user_id" = $1  [["user_id", 1]]
[2019-02-11T22:15:39] DEBUG PID-9665 TID-47454376912320 ActiveRecord::Base:   Aspect Load (0.8ms)  SELECT "aspects".* FROM "aspects" WHERE "aspects"."user_id" = $1 ORDER BY order_id ASC  [["user_id", 1]]
[2019-02-11T22:15:39] INFO  PID-9665 TID-47454376912320 ActionView::Base:   Rendered aspects/_aspect_dropdown.html.haml (12.4ms)
[2019-02-11T22:15:39] DEBUG PID-9665 TID-47454376912320 ActiveRecord::Base:   Service Load (0.4ms)  SELECT "services".* FROM "services" WHERE "services"."user_id" = $1  [["user_id", 1]]
[2019-02-11T22:15:39] INFO  PID-9665 TID-47454376912320 ActionView::Base:   Rendered shared/_public_explain.haml (5.5ms)
[2019-02-11T22:15:39] INFO  PID-9665 TID-47454376912320 ActionView::Base:   Rendered publisher/_publisher.html.haml (37.4ms)
[2019-02-11T22:15:39] INFO  PID-9665 TID-47454376912320 ActionView::Base:   Rendered shared/_modal.haml (4.4ms)
[2019-02-11T22:15:39] INFO  PID-9665 TID-47454376912320 ActionView::Base:   Rendered people/show.html.haml within layouts/with_header (67.1ms)
[2019-02-11T22:15:39] INFO  PID-9665 TID-47454376912320 ActionView::Base:   Rendered layouts/_header.html.haml (4.9ms)
[2019-02-11T22:15:39] INFO  PID-9665 TID-47454376912320 ActionView::Base:   Rendering layouts/application.html.haml
[2019-02-11T22:15:39] DEBUG PID-9665 TID-47454376912320 ActiveRecord::Base:   CACHE Profile Load (0.0ms)  SELECT  "profiles".* FROM "profiles" WHERE "profiles"."person_id" = $1 LIMIT $2  [["person_id", 1], ["LIMIT", 1]]
[2019-02-11T22:15:39] DEBUG PID-9665 TID-47454376912320 ActiveRecord::Base:    (0.4ms)  SELECT COUNT(*) FROM "notifications" WHERE "notifications"."recipient_id" = $1 AND "notifications"."unread" = $2  [["recipient_id", 1], ["unread", "t"]]
[2019-02-11T22:15:39] DEBUG PID-9665 TID-47454376912320 ActiveRecord::Base:    (0.3ms)  SELECT SUM("conversation_visibilities"."unread") FROM "conversation_visibilities" WHERE "conversation_visibilities"."person_id" = $1  [["person_id", 1]]
[2019-02-11T22:15:39] DEBUG PID-9665 TID-47454376912320 ActiveRecord::Base:   Role Exists (0.2ms)  SELECT  1 AS one FROM "roles" WHERE "roles"."person_id" = $1 AND "roles"."name" = $2 LIMIT $3  [["person_id", 1], ["name", "admin"], ["LIMIT", 1]]
[2019-02-11T22:15:39] DEBUG PID-9665 TID-47454376912320 ActiveRecord::Base:   Role Exists (0.2ms)  SELECT  1 AS one FROM "roles" WHERE "roles"."name" IN ('moderator', 'admin') AND "roles"."person_id" = $1 LIMIT $2  [["person_id", 1], ["LIMIT", 1]]
[2019-02-11T22:15:39] DEBUG PID-9665 TID-47454376912320 ActiveRecord::Base:    (0.2ms)  SELECT COUNT(*) FROM "contacts" WHERE "contacts"."user_id" = $1 AND "contacts"."receiving" = $2  [["user_id", 1], ["receiving", "t"]]
[2019-02-11T22:15:39] DEBUG PID-9665 TID-47454376912320 ActiveRecord::Base:   User Load (0.3ms)  SELECT  "users".* FROM "users" WHERE "users"."id" = $1 LIMIT $2  [["id", 1], ["LIMIT", 1]]
[2019-02-11T22:15:39] INFO  PID-9665 TID-47454376912320 ActionView::Base:   Rendered application/_head.haml (35.0ms)
[2019-02-11T22:15:39] INFO  PID-9665 TID-47454376912320 ActionView::Base:   Rendered layouts/application.html.haml (571.5ms)
[2019-02-11T22:15:39] INFO  PID-9665 TID-47454376912320 ActionController::Base: Completed 200 OK in 668ms (Views: 643.9ms | ActiveRecord: 7.9ms)


[2019-02-11T22:15:41] INFO  PID-9665 TID-47454376912320 Rails: Started GET "/notifications?per_page=10&page=1&_=1549908939751" for 127.0.0.1 at 2019-02-11 22:15:41 +0400
[2019-02-11T22:15:41] INFO  PID-9665 TID-47454376912320 ActionController::Base: Processing by NotificationsController#index as JSON
[2019-02-11T22:15:41] INFO  PID-9665 TID-47454376912320 ActionController::Base:   Parameters: {"per_page"=>"10", "page"=>"1", "_"=>"1549908939751"}
[2019-02-11T22:15:41] DEBUG PID-9665 TID-47454376912320 ActiveRecord::Base:   User Load (0.5ms)  SELECT  "users".* FROM "users" WHERE "users"."id" = $1 ORDER BY "users"."id" ASC LIMIT $2  [["id", 1], ["LIMIT", 1]]
[2019-02-11T22:15:41] DEBUG PID-9665 TID-47454376912320 ActiveRecord::Base:    (0.4ms)  SELECT COUNT(*) FROM "notifications" WHERE "notifications"."recipient_id" = $1  [["recipient_id", 1]]
[2019-02-11T22:15:41] DEBUG PID-9665 TID-47454376912320 ActiveRecord::Base:   Notification Load (0.3ms)  SELECT  "notifications".* FROM "notifications" WHERE "notifications"."recipient_id" = $1 ORDER BY updated_at desc LIMIT $2 OFFSET $3  [["recipient_id", 1], ["LIMIT", 10], ["OFFSET", 0]]
[2019-02-11T22:15:41] DEBUG PID-9665 TID-47454376912320 ActiveRecord::Base:   Post Load (0.9ms)  SELECT "posts".* FROM "posts" WHERE "posts"."id" = 1
[2019-02-11T22:15:41] DEBUG PID-9665 TID-47454376912320 ActiveRecord::Base:   Person Load (0.6ms)  SELECT "people".* FROM "people" WHERE "people"."id" = 4
[2019-02-11T22:15:41] DEBUG PID-9665 TID-47454376912320 ActiveRecord::Base:   NotificationActor Load (0.9ms)  SELECT "notification_actors".* FROM "notification_actors" WHERE "notification_actors"."notification_id" IN (4, 2)
[2019-02-11T22:15:42] DEBUG PID-9665 TID-47454376912320 ActiveRecord::Base:   CACHE Person Load (0.0ms)  SELECT "people".* FROM "people" WHERE "people"."id" = 4
[2019-02-11T22:15:42] DEBUG PID-9665 TID-47454376912320 ActiveRecord::Base:   Profile Load (0.6ms)  SELECT "profiles".* FROM "profiles" WHERE "profiles"."person_id" = 4
[2019-02-11T22:15:42] DEBUG PID-9665 TID-47454376912320 ActiveRecord::Base:    (0.6ms)  SELECT COUNT(*) FROM "notifications" WHERE "notifications"."recipient_id" = $1 AND "notifications"."unread" = $2  [["recipient_id", 1], ["unread", "t"]]
[2019-02-11T22:15:42] DEBUG PID-9665 TID-47454376912320 ActiveRecord::Base:   Notification Load (0.4ms)  SELECT "notifications".* FROM "notifications" WHERE "notifications"."recipient_id" = $1 AND "notifications"."unread" = $2  [["recipient_id", 1], ["unread", "t"]]
[2019-02-11T22:15:42] DEBUG PID-9665 TID-47454376912320 ActiveRecord::Base:   Person Load (0.4ms)  SELECT  "people".* FROM "people" WHERE "people"."owner_id" = $1 LIMIT $2  [["owner_id", 1], ["LIMIT", 1]]
[2019-02-11T22:15:42] DEBUG PID-9665 TID-47454376912320 ActiveRecord::Base:   Person Load (0.4ms)  SELECT  "people".* FROM "people" WHERE "people"."id" = $1 LIMIT $2  [["id", 1], ["LIMIT", 1]]
[2019-02-11T22:15:42] DEBUG PID-9665 TID-47454376912320 ActiveRecord::Base:   Profile Load (0.3ms)  SELECT  "profiles".* FROM "profiles" WHERE "profiles"."person_id" = $1 LIMIT $2  [["person_id", 1], ["LIMIT", 1]]
[2019-02-11T22:15:42] DEBUG PID-9665 TID-47454376912320 ActiveRecord::Base:   Mention Load (0.5ms)  SELECT "mentions".* FROM "mentions" WHERE "mentions"."mentions_container_id" = $1 AND "mentions"."mentions_container_type" = $2  [["mentions_container_id", 1], ["mentions_container_type", "Post"]]
[2019-02-11T22:15:42] INFO  PID-9665 TID-47454376912320 ActionView::Base:   Rendered notifications/_notification.haml (27.3ms)
[2019-02-11T22:15:42] INFO  PID-9665 TID-47454376912320 ActionView::Base:   Rendered notifications/_notification.haml (3.2ms)
[2019-02-11T22:15:42] INFO  PID-9665 TID-47454376912320 ActionController::Base: Completed 200 OK in 55ms (Views: 0.8ms | ActiveRecord: 6.7ms)


[2019-02-11T22:15:42] INFO  PID-9665 TID-47454376912320 Rails: Started GET "/people/a92853400c22013735eb28d244506873/stream?_=1549908939752" for 127.0.0.1 at 2019-02-11 22:15:42 +0400
[2019-02-11T22:15:42] INFO  PID-9665 TID-47454376912320 ActionController::Base: Processing by PeopleController#stream as JSON
[2019-02-11T22:15:42] INFO  PID-9665 TID-47454376912320 ActionController::Base:   Parameters: {"_"=>"1549908939752", "person_id"=>"a92853400c22013735eb28d244506873"}
[2019-02-11T22:15:42] DEBUG PID-9665 TID-47454376912320 ActiveRecord::Base:   User Load (0.6ms)  SELECT  "users".* FROM "users" WHERE "users"."id" = $1 ORDER BY "users"."id" ASC LIMIT $2  [["id", 1], ["LIMIT", 1]]
[2019-02-11T22:15:42] DEBUG PID-9665 TID-47454376912320 ActiveRecord::Base:   Person Load (0.3ms)  SELECT  "people".* FROM "people" WHERE "people"."guid" = $1 LIMIT $2  [["guid", "a92853400c22013735eb28d244506873"], ["LIMIT", 1]]
[2019-02-11T22:15:42] DEBUG PID-9665 TID-47454376912320 ActiveRecord::Base:   Person Load (0.2ms)  SELECT  "people".* FROM "people" WHERE "people"."owner_id" = $1 LIMIT $2  [["owner_id", 1], ["LIMIT", 1]]
[2019-02-11T22:15:42] DEBUG PID-9665 TID-47454376912320 ActiveRecord::Base:   Post Load (0.5ms)  SELECT  "posts".* FROM "posts" WHERE "posts"."author_id" = $1 AND (posts.created_at < '2019-02-11 18:15:43') AND "posts"."type" IN ('StatusMessage', 'Reshare') ORDER BY posts.created_at desc, posts.created_at DESC, posts.id DESC LIMIT $2  [["author_id", 1], ["LIMIT", 15]]
[2019-02-11T22:15:42] DEBUG PID-9665 TID-47454376912320 ActiveRecord::Base:   Person Load (0.4ms)  SELECT "people".* FROM "people" WHERE "people"."id" = 1
[2019-02-11T22:15:42] DEBUG PID-9665 TID-47454376912320 ActiveRecord::Base:   Profile Load (0.6ms)  SELECT "profiles".* FROM "profiles" WHERE "profiles"."person_id" = 1
[2019-02-11T22:15:42] DEBUG PID-9665 TID-47454376912320 ActiveRecord::Base:   Mention Load (0.9ms)  SELECT "mentions".* FROM "mentions" WHERE "mentions"."mentions_container_type" = $1 AND "mentions"."mentions_container_id" IN (6, 5, 4, 1)  [["mentions_container_type", "Post"]]
[2019-02-11T22:15:42] DEBUG PID-9665 TID-47454376912320 ActiveRecord::Base:   Person Load (0.4ms)  SELECT "people".* FROM "people" WHERE "people"."id" = 4
[2019-02-11T22:15:42] DEBUG PID-9665 TID-47454376912320 ActiveRecord::Base:   Profile Load (0.9ms)  SELECT "profiles".* FROM "profiles" WHERE "profiles"."person_id" = 4
[2019-02-11T22:15:42] DEBUG PID-9665 TID-47454376912320 ActiveRecord::Base:   Like Load (3.3ms)  SELECT "likes".* FROM "likes" WHERE "likes"."author_id" = $1 AND "likes"."target_id" IN (6, 5, 4, 1) AND "likes"."target_type" = $2  [["author_id", 1], ["target_type", "Post"]]
[2019-02-11T22:15:42] DEBUG PID-9665 TID-47454376912320 ActiveRecord::Base:   Mention Load (0.9ms)  SELECT "mentions".* FROM "mentions" WHERE "mentions"."mentions_container_id" = $1 AND "mentions"."mentions_container_type" = $2  [["mentions_container_id", 6], ["mentions_container_type", "Post"]]
[2019-02-11T22:15:42] DEBUG PID-9665 TID-47454376912320 ActiveRecord::Base:   CACHE Person Load (0.0ms)  SELECT "people".* FROM "people" WHERE "people"."id" = 4
[2019-02-11T22:15:42] DEBUG PID-9665 TID-47454376912320 ActiveRecord::Base:   CACHE Profile Load (0.0ms)  SELECT "profiles".* FROM "profiles" WHERE "profiles"."person_id" = 4
[2019-02-11T22:15:42] DEBUG PID-9665 TID-47454376912320 ActiveRecord::Base:   CACHE Mention Load (0.0ms)  SELECT "mentions".* FROM "mentions" WHERE "mentions"."mentions_container_id" = $1 AND "mentions"."mentions_container_type" = $2  [["mentions_container_id", 6], ["mentions_container_type", "Post"]]
[2019-02-11T22:15:42] DEBUG PID-9665 TID-47454376912320 ActiveRecord::Base:   CACHE Person Load (0.0ms)  SELECT "people".* FROM "people" WHERE "people"."id" = 4
[2019-02-11T22:15:42] DEBUG PID-9665 TID-47454376912320 ActiveRecord::Base:   CACHE Profile Load (0.0ms)  SELECT "profiles".* FROM "profiles" WHERE "profiles"."person_id" = 4
[2019-02-11T22:15:42] DEBUG PID-9665 TID-47454376912320 ActiveRecord::Base:   Photo Load (0.6ms)  SELECT "photos".* FROM "photos" WHERE "photos"."status_message_guid" = $1  [["status_message_guid", "a14518d01023013735eb28d244506873"]]
[2019-02-11T22:15:42] DEBUG PID-9665 TID-47454376912320 ActiveRecord::Base:   Location Load (5.0ms)  SELECT  "locations".* FROM "locations" WHERE "locations"."status_message_id" = $1 LIMIT $2  [["status_message_id", 6], ["LIMIT", 1]]
[2019-02-11T22:15:42] DEBUG PID-9665 TID-47454376912320 ActiveRecord::Base:   Poll Load (0.8ms)  SELECT  "polls".* FROM "polls" WHERE "polls"."status_message_id" = $1 LIMIT $2  [["status_message_id", 6], ["LIMIT", 1]]
[2019-02-11T22:15:42] DEBUG PID-9665 TID-47454376912320 ActiveRecord::Base:   Participation Exists (2.8ms)  SELECT  1 AS one FROM "participations" WHERE "participations"."author_id" = $1 AND "participations"."target_id" = 6 LIMIT $2  [["author_id", 1], ["LIMIT", 1]]
[2019-02-11T22:15:42] DEBUG PID-9665 TID-47454376912320 ActiveRecord::Base:   Like Load (1.0ms)  SELECT  "likes".* FROM "likes" WHERE "likes"."target_id" = $1 AND "likes"."target_type" = $2 AND "likes"."positive" = $3 AND "likes"."author_id" = $4 LIMIT $5  [["target_id", 6], ["target_type", "Post"], ["positive", "t"], ["author_id", 1], ["LIMIT", 1]]
[2019-02-11T22:15:42] DEBUG PID-9665 TID-47454376912320 ActiveRecord::Base:   Reshare Load (0.6ms)  SELECT  "posts".* FROM "posts" WHERE "posts"."type" IN ('Reshare') AND "posts"."root_guid" = $1 AND "posts"."author_id" = $2 LIMIT $3  [["root_guid", "a14518d01023013735eb28d244506873"], ["author_id", 1], ["LIMIT", 1]]
[2019-02-11T22:15:42] DEBUG PID-9665 TID-47454376912320 ActiveRecord::Base:   Mention Load (0.6ms)  SELECT "mentions".* FROM "mentions" WHERE "mentions"."mentions_container_id" = $1 AND "mentions"."mentions_container_type" = $2  [["mentions_container_id", 5], ["mentions_container_type", "Post"]]
[2019-02-11T22:15:42] DEBUG PID-9665 TID-47454376912320 ActiveRecord::Base:   CACHE Mention Load (0.0ms)  SELECT "mentions".* FROM "mentions" WHERE "mentions"."mentions_container_id" = $1 AND "mentions"."mentions_container_type" = $2  [["mentions_container_id", 5], ["mentions_container_type", "Post"]]
[2019-02-11T22:15:42] DEBUG PID-9665 TID-47454376912320 ActiveRecord::Base:   Photo Load (0.3ms)  SELECT "photos".* FROM "photos" WHERE "photos"."status_message_guid" = $1  [["status_message_guid", "e5e7b4800ff7013735eb28d244506873"]]
[2019-02-11T22:15:42] DEBUG PID-9665 TID-47454376912320 ActiveRecord::Base:   Location Load (0.2ms)  SELECT  "locations".* FROM "locations" WHERE "locations"."status_message_id" = $1 LIMIT $2  [["status_message_id", 5], ["LIMIT", 1]]
[2019-02-11T22:15:42] DEBUG PID-9665 TID-47454376912320 ActiveRecord::Base:   Poll Load (0.2ms)  SELECT  "polls".* FROM "polls" WHERE "polls"."status_message_id" = $1 LIMIT $2  [["status_message_id", 5], ["LIMIT", 1]]
[2019-02-11T22:15:42] DEBUG PID-9665 TID-47454376912320 ActiveRecord::Base:   Participation Exists (0.3ms)  SELECT  1 AS one FROM "participations" WHERE "participations"."author_id" = $1 AND "participations"."target_id" = 5 LIMIT $2  [["author_id", 1], ["LIMIT", 1]]
[2019-02-11T22:15:42] DEBUG PID-9665 TID-47454376912320 ActiveRecord::Base:   Like Load (0.3ms)  SELECT  "likes".* FROM "likes" WHERE "likes"."target_id" = $1 AND "likes"."target_type" = $2 AND "likes"."positive" = $3 AND "likes"."author_id" = $4 LIMIT $5  [["target_id", 5], ["target_type", "Post"], ["positive", "t"], ["author_id", 1], ["LIMIT", 1]]
[2019-02-11T22:15:42] DEBUG PID-9665 TID-47454376912320 ActiveRecord::Base:   Reshare Load (0.3ms)  SELECT  "posts".* FROM "posts" WHERE "posts"."type" IN ('Reshare') AND "posts"."root_guid" = $1 AND "posts"."author_id" = $2 LIMIT $3  [["root_guid", "e5e7b4800ff7013735eb28d244506873"], ["author_id", 1], ["LIMIT", 1]]
[2019-02-11T22:15:42] DEBUG PID-9665 TID-47454376912320 ActiveRecord::Base:   Mention Load (0.4ms)  SELECT "mentions".* FROM "mentions" WHERE "mentions"."mentions_container_id" = $1 AND "mentions"."mentions_container_type" = $2  [["mentions_container_id", 4], ["mentions_container_type", "Post"]]
[2019-02-11T22:15:42] DEBUG PID-9665 TID-47454376912320 ActiveRecord::Base:   CACHE Mention Load (0.0ms)  SELECT "mentions".* FROM "mentions" WHERE "mentions"."mentions_container_id" = $1 AND "mentions"."mentions_container_type" = $2  [["mentions_container_id", 4], ["mentions_container_type", "Post"]]
[2019-02-11T22:15:42] DEBUG PID-9665 TID-47454376912320 ActiveRecord::Base:   Photo Load (0.4ms)  SELECT "photos".* FROM "photos" WHERE "photos"."status_message_guid" = $1  [["status_message_guid", "da9da3100ff1013735eb28d244506873"]]
[2019-02-11T22:15:42] DEBUG PID-9665 TID-47454376912320 ActiveRecord::Base:   Location Load (0.2ms)  SELECT  "locations".* FROM "locations" WHERE "locations"."status_message_id" = $1 LIMIT $2  [["status_message_id", 4], ["LIMIT", 1]]
[2019-02-11T22:15:42] DEBUG PID-9665 TID-47454376912320 ActiveRecord::Base:   Poll Load (0.2ms)  SELECT  "polls".* FROM "polls" WHERE "polls"."status_message_id" = $1 LIMIT $2  [["status_message_id", 4], ["LIMIT", 1]]
[2019-02-11T22:15:42] DEBUG PID-9665 TID-47454376912320 ActiveRecord::Base:   Participation Exists (0.3ms)  SELECT  1 AS one FROM "participations" WHERE "participations"."author_id" = $1 AND "participations"."target_id" = 4 LIMIT $2  [["author_id", 1], ["LIMIT", 1]]
[2019-02-11T22:15:42] DEBUG PID-9665 TID-47454376912320 ActiveRecord::Base:   Like Load (0.3ms)  SELECT  "likes".* FROM "likes" WHERE "likes"."target_id" = $1 AND "likes"."target_type" = $2 AND "likes"."positive" = $3 AND "likes"."author_id" = $4 LIMIT $5  [["target_id", 4], ["target_type", "Post"], ["positive", "t"], ["author_id", 1], ["LIMIT", 1]]
[2019-02-11T22:15:42] DEBUG PID-9665 TID-47454376912320 ActiveRecord::Base:   Reshare Load (0.3ms)  SELECT  "posts".* FROM "posts" WHERE "posts"."type" IN ('Reshare') AND "posts"."root_guid" = $1 AND "posts"."author_id" = $2 LIMIT $3  [["root_guid", "da9da3100ff1013735eb28d244506873"], ["author_id", 1], ["LIMIT", 1]]
[2019-02-11T22:15:42] DEBUG PID-9665 TID-47454376912320 ActiveRecord::Base:   Mention Load (0.4ms)  SELECT "mentions".* FROM "mentions" WHERE "mentions"."mentions_container_id" = $1 AND "mentions"."mentions_container_type" = $2  [["mentions_container_id", 1], ["mentions_container_type", "Post"]]
[2019-02-11T22:15:42] DEBUG PID-9665 TID-47454376912320 ActiveRecord::Base:   CACHE Mention Load (0.0ms)  SELECT "mentions".* FROM "mentions" WHERE "mentions"."mentions_container_id" = $1 AND "mentions"."mentions_container_type" = $2  [["mentions_container_id", 1], ["mentions_container_type", "Post"]]
[2019-02-11T22:15:42] DEBUG PID-9665 TID-47454376912320 ActiveRecord::Base:   Photo Load (0.2ms)  SELECT "photos".* FROM "photos" WHERE "photos"."status_message_guid" = $1  [["status_message_guid", "178467900f28013735eb28d244506873"]]
[2019-02-11T22:15:42] DEBUG PID-9665 TID-47454376912320 ActiveRecord::Base:   Location Load (0.3ms)  SELECT  "locations".* FROM "locations" WHERE "locations"."status_message_id" = $1 LIMIT $2  [["status_message_id", 1], ["LIMIT", 1]]
[2019-02-11T22:15:42] DEBUG PID-9665 TID-47454376912320 ActiveRecord::Base:   Poll Load (0.2ms)  SELECT  "polls".* FROM "polls" WHERE "polls"."status_message_id" = $1 LIMIT $2  [["status_message_id", 1], ["LIMIT", 1]]
[2019-02-11T22:15:42] DEBUG PID-9665 TID-47454376912320 ActiveRecord::Base:   Participation Exists (0.5ms)  SELECT  1 AS one FROM "participations" WHERE "participations"."author_id" = $1 AND "participations"."target_id" = 1 LIMIT $2  [["author_id", 1], ["LIMIT", 1]]
[2019-02-11T22:15:42] DEBUG PID-9665 TID-47454376912320 ActiveRecord::Base:   Like Load (0.4ms)  SELECT  "likes".* FROM "likes" WHERE "likes"."target_id" = $1 AND "likes"."target_type" = $2 AND "likes"."positive" = $3 AND "likes"."author_id" = $4 LIMIT $5  [["target_id", 1], ["target_type", "Post"], ["positive", "t"], ["author_id", 1], ["LIMIT", 1]]
[2019-02-11T22:15:42] DEBUG PID-9665 TID-47454376912320 ActiveRecord::Base:   Reshare Load (0.4ms)  SELECT  "posts".* FROM "posts" WHERE "posts"."type" IN ('Reshare') AND "posts"."root_guid" = $1 AND "posts"."author_id" = $2 LIMIT $3  [["root_guid", "178467900f28013735eb28d244506873"], ["author_id", 1], ["LIMIT", 1]]
[2019-02-11T22:15:42] DEBUG PID-9665 TID-47454376912320 ActiveRecord::Base:   Comment Load (0.3ms)  SELECT  "comments".* FROM "comments" WHERE "comments"."commentable_id" = $1 AND "comments"."commentable_type" = $2 ORDER BY created_at DESC LIMIT $3  [["commentable_id", 1], ["commentable_type", "Post"], ["LIMIT", 3]]
[2019-02-11T22:15:42] DEBUG PID-9665 TID-47454376912320 ActiveRecord::Base:   Person Load (0.2ms)  SELECT "people".* FROM "people" WHERE "people"."id" IN (1, 4)
[2019-02-11T22:15:42] DEBUG PID-9665 TID-47454376912320 ActiveRecord::Base:   Profile Load (0.2ms)  SELECT "profiles".* FROM "profiles" WHERE "profiles"."person_id" IN (1, 4)
[2019-02-11T22:15:42] DEBUG PID-9665 TID-47454376912320 ActiveRecord::Base:   Mention Load (0.3ms)  SELECT "mentions".* FROM "mentions" WHERE "mentions"."mentions_container_id" = $1 AND "mentions"."mentions_container_type" = $2  [["mentions_container_id", 1], ["mentions_container_type", "Comment"]]
[2019-02-11T22:15:42] DEBUG PID-9665 TID-47454376912320 ActiveRecord::Base:   CACHE Mention Load (0.0ms)  SELECT "mentions".* FROM "mentions" WHERE "mentions"."mentions_container_id" = $1 AND "mentions"."mentions_container_type" = $2  [["mentions_container_id", 1], ["mentions_container_type", "Comment"]]
[2019-02-11T22:15:42] DEBUG PID-9665 TID-47454376912320 ActiveRecord::Base:   Mention Load (0.3ms)  SELECT "mentions".* FROM "mentions" WHERE "mentions"."mentions_container_id" = $1 AND "mentions"."mentions_container_type" = $2  [["mentions_container_id", 2], ["mentions_container_type", "Comment"]]
[2019-02-11T22:15:42] DEBUG PID-9665 TID-47454376912320 ActiveRecord::Base:   CACHE Mention Load (0.0ms)  SELECT "mentions".* FROM "mentions" WHERE "mentions"."mentions_container_id" = $1 AND "mentions"."mentions_container_type" = $2  [["mentions_container_id", 2], ["mentions_container_type", "Comment"]]
[2019-02-11T22:15:42] INFO  PID-9665 TID-47454376912320 ActionController::Base: Completed 200 OK in 113ms (Views: 65.9ms | ActiveRecord: 28.1ms)


