[2019-02-24T14:51:04] INFO  PID-22720 TID-47454376912320 Rails: Started POST "/photos" for 127.0.0.1 at 2019-02-24 14:51:04 +0400
[2019-02-24T14:51:04] INFO  PID-22720 TID-47454376912320 ActionController::Base: Processing by PhotosController#create as JSON
[2019-02-24T14:51:04] INFO  PID-22720 TID-47454376912320 ActionController::Base:   Parameters: {"authenticity_token"=>"3OqEqUawBd5jCbMj/EaWht1nn7pcPd4UMMl4v3W1AFHKG5//6UAWPb+hL/fPyB4//1EuhlZI0SJdjoCHginEDg==", "photo"=>{"pending"=>"true"}, "qquuid"=>"f5f70d18-0882-45b9-94f1-90a168e640c4", "qqfilename"=>"apple-touch-icon.png", "qqtotalfilesize"=>"6265", "qqfile"=>#<ActionDispatch::Http::UploadedFile:0x00005651b2f38040 @tempfile=#<Tempfile:/tmp/RackMultipart20190224-22720-1gv1lgt.png>, @original_filename="apple-touch-icon.png", @content_type="image/png", @headers="Content-Disposition: form-data; name=\"qqfile\"; filename=\"apple-touch-icon.png\"\r\nContent-Type: image/png\r\n">}
[2019-02-24T14:51:04] DEBUG PID-22720 TID-47454376912320 ActiveRecord::Base:   User Load (0.5ms)  SELECT  "users".* FROM "users" WHERE "users"."id" = $1 ORDER BY "users"."id" ASC LIMIT $2  [["id", 4], ["LIMIT", 1]]
[2019-02-24T14:51:04] DEBUG PID-22720 TID-47454376912320 ActiveRecord::Base:    (0.1ms)  BEGIN
[2019-02-24T14:51:04] DEBUG PID-22720 TID-47454376912320 ActiveRecord::Base:   User Exists (0.3ms)  SELECT  1 AS one FROM "users" WHERE "users"."username" = $1 AND ("users"."id" != $2) LIMIT $3  [["username", "doubaobei"], ["id", 4], ["LIMIT", 1]]
[2019-02-24T14:51:04] DEBUG PID-22720 TID-47454376912320 ActiveRecord::Base:   User Exists (0.2ms)  SELECT  1 AS one FROM "users" WHERE (id != 4 AND email = NULL) LIMIT $1  [["LIMIT", 1]]
[2019-02-24T14:51:04] DEBUG PID-22720 TID-47454376912320 ActiveRecord::Base:   Person Load (0.3ms)  SELECT  "people".* FROM "people" WHERE "people"."owner_id" = $1 LIMIT $2  [["owner_id", 4], ["LIMIT", 1]]
[2019-02-24T14:51:04] DEBUG PID-22720 TID-47454376912320 ActiveRecord::Base:   Person Exists (0.4ms)  SELECT  1 AS one FROM "people" WHERE "people"."guid" = $1 AND ("people"."id" != $2) LIMIT $3  [["guid", "2bf6f8e0101c013735eb28d244506873"], ["id", 4], ["LIMIT", 1]]
[2019-02-24T14:51:04] DEBUG PID-22720 TID-47454376912320 ActiveRecord::Base:   Profile Load (0.3ms)  SELECT  "profiles".* FROM "profiles" WHERE "profiles"."person_id" = $1 LIMIT $2  [["person_id", 4], ["LIMIT", 1]]
[2019-02-24T14:51:04] DEBUG PID-22720 TID-47454376912320 ActiveRecord::Base:   Person Exists (0.3ms)  SELECT  1 AS one FROM "people" WHERE "people"."diaspora_handle" = $1 AND ("people"."id" != $2) LIMIT $3  [["diaspora_handle", "doubaobei@127.0.0.1"], ["id", 4], ["LIMIT", 1]]
[2019-02-24T14:51:04] DEBUG PID-22720 TID-47454376912320 ActiveRecord::Base:   SQL (0.3ms)  UPDATE "users" SET "last_seen" = $1, "updated_at" = $2 WHERE "users"."id" = $3  [["last_seen", "2019-02-24 10:51:04.450175"], ["updated_at", "2019-02-24 10:51:04.459844"], ["id", 4]]
[2019-02-24T14:51:04] DEBUG PID-22720 TID-47454376912320 ActiveRecord::Base:    (13.3ms)  COMMIT
[2019-02-24T14:51:05] DEBUG PID-22720 TID-47454376912320 ActiveRecord::Base:    (0.2ms)  BEGIN
[2019-02-24T14:51:05] DEBUG PID-22720 TID-47454376912320 ActiveRecord::Base:   Photo Exists (0.3ms)  SELECT  1 AS one FROM "photos" WHERE "photos"."guid" = $1 LIMIT $2  [["guid", "019152a01a50013735f128d244506873"], ["LIMIT", 1]]
[2019-02-24T14:51:05] DEBUG PID-22720 TID-47454376912320 ActiveRecord::Base:   StatusMessage Load (0.3ms)  SELECT  "posts".* FROM "posts" WHERE "posts"."type" IN ('StatusMessage') AND "posts"."guid" IS NULL LIMIT $1  [["LIMIT", 1]]
[2019-02-24T14:51:05] DEBUG PID-22720 TID-47454376912320 ActiveRecord::Base:   SQL (0.6ms)  INSERT INTO "photos" ("author_id", "guid", "pending", "remote_photo_path", "remote_photo_name", "random_string", "created_at", "updated_at", "unprocessed_image", "height", "width") VALUES ($1, $2, $3, $4, $5, $6, $7, $8, $9, $10, $11) RETURNING "id"  [["author_id", 4], ["guid", "019152a01a50013735f128d244506873"], ["pending", "t"], ["remote_photo_path", "http://127.0.0.1/uploads/images/"], ["remote_photo_name", "15e532a72b4968fe2cb3.png"], ["random_string", "15e532a72b4968fe2cb3"], ["created_at", "2019-02-24 10:51:05.006781"], ["updated_at", "2019-02-24 10:51:05.006781"], ["unprocessed_image", "15e532a72b4968fe2cb3.png"], ["height", 60], ["width", 60]]
[2019-02-24T14:51:05] DEBUG PID-22720 TID-47454376912320 ActiveRecord::Base:    (42.0ms)  COMMIT
[2019-02-24T14:51:05] DEBUG PID-22720 TID-47454376912320 ActiveRecord::Base:   Photo Load (0.3ms)  SELECT  "photos".* FROM "photos" WHERE "photos"."id" = $1 LIMIT $2  [["id", 1], ["LIMIT", 1]]
[2019-02-24T14:51:05] DEBUG PID-22720 TID-47454376912320 ActiveRecord::Base:    (0.2ms)  BEGIN
[2019-02-24T14:51:05] DEBUG PID-22720 TID-47454376912320 ActiveRecord::Base:   Photo Exists (0.3ms)  SELECT  1 AS one FROM "photos" WHERE "photos"."guid" = $1 AND ("photos"."id" != $2) LIMIT $3  [["guid", "019152a01a50013735f128d244506873"], ["id", 1], ["LIMIT", 1]]
[2019-02-24T14:51:05] DEBUG PID-22720 TID-47454376912320 ActiveRecord::Base:   Person Load (0.2ms)  SELECT  "people".* FROM "people" WHERE "people"."id" = $1 LIMIT $2  [["id", 4], ["LIMIT", 1]]
[2019-02-24T14:51:05] DEBUG PID-22720 TID-47454376912320 ActiveRecord::Base:   StatusMessage Load (0.3ms)  SELECT  "posts".* FROM "posts" WHERE "posts"."type" IN ('StatusMessage') AND "posts"."guid" IS NULL LIMIT $1  [["LIMIT", 1]]
[2019-02-24T14:51:05] DEBUG PID-22720 TID-47454376912320 ActiveRecord::Base:   SQL (0.3ms)  UPDATE "photos" SET "processed_image" = $1, "updated_at" = $2 WHERE "photos"."id" = $3  [["processed_image", "15e532a72b4968fe2cb3.png"], ["updated_at", "2019-02-24 10:51:05.141655"], ["id", 1]]
[2019-02-24T14:51:05] DEBUG PID-22720 TID-47454376912320 ActiveRecord::Base:    (22.9ms)  COMMIT
[2019-02-24T14:51:05] INFO  PID-22720 TID-47454376912320 ActionController::Base: Completed 200 OK in 724ms (Views: 1.8ms | ActiveRecord: 85.6ms)


[2019-02-24T14:51:16] INFO  PID-22720 TID-47454376912320 Rails: Started POST "/status_messages" for 127.0.0.1 at 2019-02-24 14:51:16 +0400
[2019-02-24T14:51:16] INFO  PID-22720 TID-47454376912320 ActionController::Base: Processing by StatusMessagesController#create as JSON
[2019-02-24T14:51:16] INFO  PID-22720 TID-47454376912320 ActionController::Base:   Parameters: {"status_message"=>"[FILTERED]", "aspect_ids"=>"all_aspects", "photos"=>"1", "location_coords"=>"", "poll_question"=>"", "poll_answers"=>["", ""]}
[2019-02-24T14:51:16] DEBUG PID-22720 TID-47454376912320 ActiveRecord::Base:   User Load (0.5ms)  SELECT  "users".* FROM "users" WHERE "users"."id" = $1 ORDER BY "users"."id" ASC LIMIT $2  [["id", 4], ["LIMIT", 1]]
[2019-02-24T14:51:16] DEBUG PID-22720 TID-47454376912320 ActionController::Base: Unpermitted parameters: :aspect_ids, :photos
[2019-02-24T14:51:16] DEBUG PID-22720 TID-47454376912320 ActiveRecord::Base:    (0.4ms)  SELECT "aspects"."id" FROM "aspects" WHERE "aspects"."user_id" = $1 ORDER BY order_id ASC  [["user_id", 4]]
[2019-02-24T14:51:16] DEBUG PID-22720 TID-47454376912320 ActiveRecord::Base:   Person Load (0.7ms)  SELECT  "people".* FROM "people" WHERE "people"."owner_id" = $1 LIMIT $2  [["owner_id", 4], ["LIMIT", 1]]
[2019-02-24T14:51:16] DEBUG PID-22720 TID-47454376912320 ActiveRecord::Base:   Aspect Load (0.4ms)  SELECT "aspects".* FROM "aspects" WHERE "aspects"."user_id" = $1 AND "aspects"."id" IN (13, 14, 15, 16) ORDER BY order_id ASC  [["user_id", 4]]
[2019-02-24T14:51:16] DEBUG PID-22720 TID-47454376912320 ActiveRecord::Base:   Photo Load (0.4ms)  SELECT "photos".* FROM "photos" WHERE "photos"."id" = 1 AND "photos"."author_id" = $1  [["author_id", 4]]
[2019-02-24T14:51:16] DEBUG PID-22720 TID-47454376912320 ActiveRecord::Base:   Photo Load (0.3ms)  SELECT "photos".* FROM "photos" WHERE "photos"."status_message_guid" = $1  [["status_message_guid", "08b89d301a50013735f128d244506873"]]
[2019-02-24T14:51:16] DEBUG PID-22720 TID-47454376912320 ActiveRecord::Base:    (0.1ms)  BEGIN
[2019-02-24T14:51:16] DEBUG PID-22720 TID-47454376912320 ActiveRecord::Base:   Post Exists (0.4ms)  SELECT  1 AS one FROM "posts" WHERE "posts"."guid" = $1 LIMIT $2  [["guid", "08b89d301a50013735f128d244506873"], ["LIMIT", 1]]
[2019-02-24T14:51:16] DEBUG PID-22720 TID-47454376912320 ActiveRecord::Base:   Post Exists (0.6ms)  SELECT  1 AS one FROM "posts" WHERE "posts"."id" IS NULL LIMIT $1  [["LIMIT", 1]]
[2019-02-24T14:51:16] DEBUG PID-22720 TID-47454376912320 ActiveRecord::Base:   Photo Exists (0.4ms)  SELECT  1 AS one FROM "photos" WHERE "photos"."guid" = $1 AND ("photos"."id" != $2) LIMIT $3  [["guid", "019152a01a50013735f128d244506873"], ["id", 1], ["LIMIT", 1]]
[2019-02-24T14:51:16] DEBUG PID-22720 TID-47454376912320 ActiveRecord::Base:   Person Load (0.3ms)  SELECT  "people".* FROM "people" WHERE "people"."id" = $1 LIMIT $2  [["id", 4], ["LIMIT", 1]]
[2019-02-24T14:51:16] DEBUG PID-22720 TID-47454376912320 ActiveRecord::Base:   StatusMessage Load (0.4ms)  SELECT  "posts".* FROM "posts" WHERE "posts"."type" IN ('StatusMessage') AND "posts"."guid" IS NULL LIMIT $1  [["LIMIT", 1]]
[2019-02-24T14:51:16] DEBUG PID-22720 TID-47454376912320 ActiveRecord::Base:   SQL (0.6ms)  INSERT INTO "posts" ("author_id", "guid", "type", "text", "created_at", "updated_at") VALUES ($1, $2, $3, $4, $5, $6) RETURNING "id"  [["author_id", 4], ["guid", "08b89d301a50013735f128d244506873"], ["type", "StatusMessage"], ["text", "something hereee"], ["created_at", "2019-02-24 10:51:16.553402"], ["updated_at", "2019-02-24 10:51:16.553402"]]
[2019-02-24T14:51:16] DEBUG PID-22720 TID-47454376912320 ActiveRecord::Base:   SQL (0.3ms)  UPDATE "posts" SET "updated_at" = $1, "interacted_at" = $2 WHERE "posts"."id" = $3  [["updated_at", "2019-02-24 10:51:16.555144"], [:interacted_at, "2019-02-24 10:51:16.555144"], ["id", 11]]
[2019-02-24T14:51:16] DEBUG PID-22720 TID-47454376912320 ActiveRecord::Base:   Photo Exists (0.2ms)  SELECT  1 AS one FROM "photos" WHERE "photos"."guid" = $1 AND ("photos"."id" != $2) LIMIT $3  [["guid", "019152a01a50013735f128d244506873"], ["id", 1], ["LIMIT", 1]]
[2019-02-24T14:51:16] DEBUG PID-22720 TID-47454376912320 ActiveRecord::Base:   StatusMessage Load (0.5ms)  SELECT  "posts".* FROM "posts" WHERE "posts"."type" IN ('StatusMessage') AND "posts"."guid" = $1 LIMIT $2  [["guid", "08b89d301a50013735f128d244506873"], ["LIMIT", 1]]
[2019-02-24T14:51:16] DEBUG PID-22720 TID-47454376912320 ActiveRecord::Base:   ActsAsTaggableOn::Tagging Load (0.3ms)  SELECT "taggings".* FROM "taggings" WHERE "taggings"."taggable_id" = $1 AND "taggings"."taggable_type" = $2  [["taggable_id", 11], ["taggable_type", "Post"]]
[2019-02-24T14:51:16] DEBUG PID-22720 TID-47454376912320 ActiveRecord::Base:   ActsAsTaggableOn::Tag Load (0.4ms)  SELECT "tags".* FROM "tags" INNER JOIN "taggings" ON "tags"."id" = "taggings"."tag_id" WHERE "taggings"."taggable_id" = $1 AND "taggings"."taggable_type" = $2 AND (taggings.context = 'tags' AND taggings.tagger_id IS NULL)  [["taggable_id", 11], ["taggable_type", "Post"]]
[2019-02-24T14:51:16] DEBUG PID-22720 TID-47454376912320 ActiveRecord::Base:   Post Exists (0.3ms)  SELECT  1 AS one FROM "posts" WHERE "posts"."guid" = $1 AND ("posts"."id" != $2) LIMIT $3  [["guid", "08b89d301a50013735f128d244506873"], ["id", 11], ["LIMIT", 1]]
[2019-02-24T14:51:16] DEBUG PID-22720 TID-47454376912320 ActiveRecord::Base:   Person Load (0.3ms)  SELECT  "people".* FROM "people" WHERE "people"."id" = $1 LIMIT $2  [["id", 4], ["LIMIT", 1]]
[2019-02-24T14:51:16] DEBUG PID-22720 TID-47454376912320 ActiveRecord::Base:   Post Exists (0.3ms)  SELECT  1 AS one FROM "posts" WHERE "posts"."id" = $1 AND ("posts"."id" != $2) LIMIT $3  [["id", 11], ["id", 11], ["LIMIT", 1]]
[2019-02-24T14:51:16] DEBUG PID-22720 TID-47454376912320 ActiveRecord::Base:   CACHE StatusMessage Load (0.0ms)  SELECT  "posts".* FROM "posts" WHERE "posts"."type" IN ('StatusMessage') AND "posts"."guid" = $1 LIMIT $2  [["guid", "08b89d301a50013735f128d244506873"], ["LIMIT", 1]]
[2019-02-24T14:51:16] DEBUG PID-22720 TID-47454376912320 ActiveRecord::Base:   CACHE Person Load (0.0ms)  SELECT  "people".* FROM "people" WHERE "people"."id" = $1 LIMIT $2  [["id", 4], ["LIMIT", 1]]
[2019-02-24T14:51:16] DEBUG PID-22720 TID-47454376912320 ActiveRecord::Base:   SQL (0.3ms)  UPDATE "photos" SET "status_message_guid" = $1, "pending" = $2, "updated_at" = $3 WHERE "photos"."id" = $4  [["status_message_guid", "08b89d301a50013735f128d244506873"], ["pending", "f"], ["updated_at", "2019-02-24 10:51:16.569897"], ["id", 1]]
[2019-02-24T14:51:16] DEBUG PID-22720 TID-47454376912320 ActiveRecord::Base:   ActsAsTaggableOn::Tag Load (0.4ms)  SELECT "tags".* FROM "tags" INNER JOIN "taggings" ON "tags"."id" = "taggings"."tag_id" WHERE "taggings"."taggable_id" = $1 AND "taggings"."taggable_type" = $2 AND (taggings.context = 'tags' AND taggings.tagger_id IS NULL)  [["taggable_id", 11], ["taggable_type", "Post"]]
[2019-02-24T14:51:16] DEBUG PID-22720 TID-47454376912320 ActiveRecord::Base:    (12.7ms)  COMMIT
[2019-02-24T14:51:16] DEBUG PID-22720 TID-47454376912320 ActiveRecord::Base:   Mention Load (0.5ms)  SELECT "mentions".* FROM "mentions" WHERE "mentions"."mentions_container_id" = $1 AND "mentions"."mentions_container_type" = $2  [["mentions_container_id", 11], ["mentions_container_type", "Post"]]
[2019-02-24T14:51:16] DEBUG PID-22720 TID-47454376912320 ActiveRecord::Base:    (0.2ms)  BEGIN
[2019-02-24T14:51:16] DEBUG PID-22720 TID-47454376912320 ActiveRecord::Base:   AspectVisibility Exists (0.5ms)  SELECT  1 AS one FROM "aspect_visibilities" WHERE "aspect_visibilities"."aspect_id" = $1 AND "aspect_visibilities"."shareable_id" = $2 AND "aspect_visibilities"."shareable_type" = $3 LIMIT $4  [["aspect_id", 13], ["shareable_id", 11], ["shareable_type", "Post"], ["LIMIT", 1]]
[2019-02-24T14:51:16] DEBUG PID-22720 TID-47454376912320 ActiveRecord::Base:   SQL (0.5ms)  INSERT INTO "aspect_visibilities" ("shareable_id", "aspect_id") VALUES ($1, $2) RETURNING "id"  [["shareable_id", 11], ["aspect_id", 13]]
[2019-02-24T14:51:16] DEBUG PID-22720 TID-47454376912320 ActiveRecord::Base:    (8.7ms)  COMMIT
[2019-02-24T14:51:16] DEBUG PID-22720 TID-47454376912320 ActiveRecord::Base:    (0.9ms)  BEGIN
[2019-02-24T14:51:16] DEBUG PID-22720 TID-47454376912320 ActiveRecord::Base:   AspectVisibility Exists (0.4ms)  SELECT  1 AS one FROM "aspect_visibilities" WHERE "aspect_visibilities"."aspect_id" = $1 AND "aspect_visibilities"."shareable_id" = $2 AND "aspect_visibilities"."shareable_type" = $3 LIMIT $4  [["aspect_id", 14], ["shareable_id", 11], ["shareable_type", "Post"], ["LIMIT", 1]]
[2019-02-24T14:51:16] DEBUG PID-22720 TID-47454376912320 ActiveRecord::Base:   SQL (0.3ms)  INSERT INTO "aspect_visibilities" ("shareable_id", "aspect_id") VALUES ($1, $2) RETURNING "id"  [["shareable_id", 11], ["aspect_id", 14]]
[2019-02-24T14:51:16] DEBUG PID-22720 TID-47454376912320 ActiveRecord::Base:    (2.2ms)  COMMIT
[2019-02-24T14:51:16] DEBUG PID-22720 TID-47454376912320 ActiveRecord::Base:    (0.1ms)  BEGIN
[2019-02-24T14:51:16] DEBUG PID-22720 TID-47454376912320 ActiveRecord::Base:   AspectVisibility Exists (0.3ms)  SELECT  1 AS one FROM "aspect_visibilities" WHERE "aspect_visibilities"."aspect_id" = $1 AND "aspect_visibilities"."shareable_id" = $2 AND "aspect_visibilities"."shareable_type" = $3 LIMIT $4  [["aspect_id", 15], ["shareable_id", 11], ["shareable_type", "Post"], ["LIMIT", 1]]
[2019-02-24T14:51:16] DEBUG PID-22720 TID-47454376912320 ActiveRecord::Base:   SQL (0.2ms)  INSERT INTO "aspect_visibilities" ("shareable_id", "aspect_id") VALUES ($1, $2) RETURNING "id"  [["shareable_id", 11], ["aspect_id", 15]]
[2019-02-24T14:51:16] DEBUG PID-22720 TID-47454376912320 ActiveRecord::Base:    (5.2ms)  COMMIT
[2019-02-24T14:51:16] DEBUG PID-22720 TID-47454376912320 ActiveRecord::Base:    (0.2ms)  BEGIN
[2019-02-24T14:51:16] DEBUG PID-22720 TID-47454376912320 ActiveRecord::Base:   AspectVisibility Exists (0.7ms)  SELECT  1 AS one FROM "aspect_visibilities" WHERE "aspect_visibilities"."aspect_id" = $1 AND "aspect_visibilities"."shareable_id" = $2 AND "aspect_visibilities"."shareable_type" = $3 LIMIT $4  [["aspect_id", 16], ["shareable_id", 11], ["shareable_type", "Post"], ["LIMIT", 1]]
[2019-02-24T14:51:16] DEBUG PID-22720 TID-47454376912320 ActiveRecord::Base:   SQL (0.5ms)  INSERT INTO "aspect_visibilities" ("shareable_id", "aspect_id") VALUES ($1, $2) RETURNING "id"  [["shareable_id", 11], ["aspect_id", 16]]
[2019-02-24T14:51:16] DEBUG PID-22720 TID-47454376912320 ActiveRecord::Base:    (9.8ms)  COMMIT
[2019-02-24T14:51:16] DEBUG PID-22720 TID-47454376912320 ActiveRecord::Base:    (0.2ms)  BEGIN
[2019-02-24T14:51:16] DEBUG PID-22720 TID-47454376912320 ActiveRecord::Base:   AspectVisibility Exists (0.3ms)  SELECT  1 AS one FROM "aspect_visibilities" WHERE "aspect_visibilities"."aspect_id" = $1 AND "aspect_visibilities"."shareable_id" = $2 AND "aspect_visibilities"."shareable_type" = $3 LIMIT $4  [["aspect_id", 13], ["shareable_id", 1], ["shareable_type", "Photo"], ["LIMIT", 1]]
[2019-02-24T14:51:16] DEBUG PID-22720 TID-47454376912320 ActiveRecord::Base:   SQL (0.3ms)  INSERT INTO "aspect_visibilities" ("shareable_id", "aspect_id", "shareable_type") VALUES ($1, $2, $3) RETURNING "id"  [["shareable_id", 1], ["aspect_id", 13], ["shareable_type", "Photo"]]
[2019-02-24T14:51:16] DEBUG PID-22720 TID-47454376912320 ActiveRecord::Base:    (2.3ms)  COMMIT
[2019-02-24T14:51:16] DEBUG PID-22720 TID-47454376912320 ActiveRecord::Base:    (0.1ms)  BEGIN
[2019-02-24T14:51:16] DEBUG PID-22720 TID-47454376912320 ActiveRecord::Base:   AspectVisibility Exists (0.3ms)  SELECT  1 AS one FROM "aspect_visibilities" WHERE "aspect_visibilities"."aspect_id" = $1 AND "aspect_visibilities"."shareable_id" = $2 AND "aspect_visibilities"."shareable_type" = $3 LIMIT $4  [["aspect_id", 14], ["shareable_id", 1], ["shareable_type", "Photo"], ["LIMIT", 1]]
[2019-02-24T14:51:16] DEBUG PID-22720 TID-47454376912320 ActiveRecord::Base:   SQL (0.3ms)  INSERT INTO "aspect_visibilities" ("shareable_id", "aspect_id", "shareable_type") VALUES ($1, $2, $3) RETURNING "id"  [["shareable_id", 1], ["aspect_id", 14], ["shareable_type", "Photo"]]
[2019-02-24T14:51:16] DEBUG PID-22720 TID-47454376912320 ActiveRecord::Base:    (5.0ms)  COMMIT
[2019-02-24T14:51:16] DEBUG PID-22720 TID-47454376912320 ActiveRecord::Base:    (0.2ms)  BEGIN
[2019-02-24T14:51:16] DEBUG PID-22720 TID-47454376912320 ActiveRecord::Base:   AspectVisibility Exists (0.3ms)  SELECT  1 AS one FROM "aspect_visibilities" WHERE "aspect_visibilities"."aspect_id" = $1 AND "aspect_visibilities"."shareable_id" = $2 AND "aspect_visibilities"."shareable_type" = $3 LIMIT $4  [["aspect_id", 15], ["shareable_id", 1], ["shareable_type", "Photo"], ["LIMIT", 1]]
[2019-02-24T14:51:16] DEBUG PID-22720 TID-47454376912320 ActiveRecord::Base:   SQL (0.3ms)  INSERT INTO "aspect_visibilities" ("shareable_id", "aspect_id", "shareable_type") VALUES ($1, $2, $3) RETURNING "id"  [["shareable_id", 1], ["aspect_id", 15], ["shareable_type", "Photo"]]
[2019-02-24T14:51:16] DEBUG PID-22720 TID-47454376912320 ActiveRecord::Base:    (3.7ms)  COMMIT
[2019-02-24T14:51:16] DEBUG PID-22720 TID-47454376912320 ActiveRecord::Base:    (0.1ms)  BEGIN
[2019-02-24T14:51:16] DEBUG PID-22720 TID-47454376912320 ActiveRecord::Base:   AspectVisibility Exists (0.3ms)  SELECT  1 AS one FROM "aspect_visibilities" WHERE "aspect_visibilities"."aspect_id" = $1 AND "aspect_visibilities"."shareable_id" = $2 AND "aspect_visibilities"."shareable_type" = $3 LIMIT $4  [["aspect_id", 16], ["shareable_id", 1], ["shareable_type", "Photo"], ["LIMIT", 1]]
[2019-02-24T14:51:16] DEBUG PID-22720 TID-47454376912320 ActiveRecord::Base:   SQL (0.3ms)  INSERT INTO "aspect_visibilities" ("shareable_id", "aspect_id", "shareable_type") VALUES ($1, $2, $3) RETURNING "id"  [["shareable_id", 1], ["aspect_id", 16], ["shareable_type", "Photo"]]
[2019-02-24T14:51:16] DEBUG PID-22720 TID-47454376912320 ActiveRecord::Base:    (5.1ms)  COMMIT
[2019-02-24T14:51:16] DEBUG PID-22720 TID-47454376912320 ActiveRecord::Base:    (0.9ms)  SELECT DISTINCT "contacts"."person_id" FROM "contacts" INNER JOIN "aspect_memberships" ON "aspect_memberships"."contact_id" = "contacts"."id" WHERE "aspect_memberships"."aspect_id" IN (SELECT "aspects"."id" FROM "aspects" INNER JOIN "aspect_visibilities" ON "aspects"."id" = "aspect_visibilities"."aspect_id" WHERE "aspect_visibilities"."shareable_id" = $1 AND "aspect_visibilities"."shareable_type" = $2)  [["shareable_id", 11], ["shareable_type", "Post"]]
[2019-02-24T14:51:16] DEBUG PID-22720 TID-47454376912320 ActiveRecord::Base:    (0.2ms)  BEGIN
[2019-02-24T14:51:16] DEBUG PID-22720 TID-47454376912320 ActiveRecord::Base:   Post Exists (0.3ms)  SELECT  1 AS one FROM "posts" WHERE "posts"."guid" = $1 AND ("posts"."id" != $2) LIMIT $3  [["guid", "08b89d301a50013735f128d244506873"], ["id", 11], ["LIMIT", 1]]
[2019-02-24T14:51:16] DEBUG PID-22720 TID-47454376912320 ActiveRecord::Base:   Post Exists (0.2ms)  SELECT  1 AS one FROM "posts" WHERE "posts"."id" = $1 AND ("posts"."id" != $2) LIMIT $3  [["id", 11], ["id", 11], ["LIMIT", 1]]
[2019-02-24T14:51:16] DEBUG PID-22720 TID-47454376912320 ActiveRecord::Base:   ActsAsTaggableOn::Tag Load (0.4ms)  SELECT "tags".* FROM "tags" INNER JOIN "taggings" ON "tags"."id" = "taggings"."tag_id" WHERE "taggings"."taggable_id" = $1 AND "taggings"."taggable_type" = $2 AND (taggings.context = 'tags' AND taggings.tagger_id IS NULL)  [["taggable_id", 11], ["taggable_type", "Post"]]
[2019-02-24T14:51:16] DEBUG PID-22720 TID-47454376912320 ActiveRecord::Base:    (0.2ms)  COMMIT
[2019-02-24T14:51:16] INFO  PID-22720 TID-47454376912320 User: user:4 dispatching StatusMessage:08b89d301a50013735f128d244506873
[2019-02-24T14:51:16] DEBUG PID-22720 TID-47454376912320 ActiveRecord::Base:   User Load (0.5ms)  SELECT  "users".* FROM "users" WHERE "users"."id" = $1 LIMIT $2  [["id", 4], ["LIMIT", 1]]
[2019-02-24T14:51:16] DEBUG PID-22720 TID-47454376912320 ActiveRecord::Base:   StatusMessage Load (1.0ms)  SELECT  "posts".* FROM "posts" WHERE "posts"."type" IN ('StatusMessage') AND "posts"."id" = $1 LIMIT $2  [["id", 11], ["LIMIT", 1]]
[2019-02-24T14:51:16] DEBUG PID-22720 TID-47454376912320 ActiveRecord::Base:   Service Load (0.4ms)  SELECT "services".* FROM "services" WHERE "services"."user_id" = $1 AND 1=0  [["user_id", 4]]
[2019-02-24T14:51:16] DEBUG PID-22720 TID-47454376912320 ActiveRecord::Base:   Person Load (0.3ms)  SELECT  "people".* FROM "people" WHERE "people"."id" = $1 LIMIT $2  [["id", 4], ["LIMIT", 1]]
[2019-02-24T14:51:16] DEBUG PID-22720 TID-47454376912320 ActiveRecord::Base:   CACHE User Load (0.0ms)  SELECT  "users".* FROM "users" WHERE "users"."id" = $1 LIMIT $2  [["id", 4], ["LIMIT", 1]]
[2019-02-24T14:51:16] DEBUG PID-22720 TID-47454376912320 ActiveRecord::Base:   Aspect Load (0.3ms)  SELECT "aspects".* FROM "aspects" WHERE "aspects"."user_id" = $1 ORDER BY order_id ASC  [["user_id", 4]]
[2019-02-24T14:51:16] DEBUG PID-22720 TID-47454376912320 ActiveRecord::Base:   Aspect Load (0.4ms)  SELECT "aspects".* FROM "aspects" INNER JOIN "aspect_visibilities" ON "aspect_visibilities"."aspect_id" = "aspects"."id" WHERE "aspects"."user_id" = $1 AND "aspect_visibilities"."shareable_id" = $2 AND "aspect_visibilities"."shareable_type" = $3 ORDER BY order_id ASC  [["user_id", 4], ["shareable_id", 11], ["shareable_type", "Post"]]
[2019-02-24T14:51:16] DEBUG PID-22720 TID-47454376912320 ActiveRecord::Base:   Person Load (0.5ms)  SELECT DISTINCT "people".* FROM "people" INNER JOIN "contacts" ON "contacts"."person_id" = "people"."id" INNER JOIN "aspect_memberships" ON "aspect_memberships"."contact_id" = "contacts"."id" WHERE "aspect_memberships"."aspect_id" IN (13, 14, 15, 16)
[2019-02-24T14:51:16] DEBUG PID-22720 TID-47454376912320 ActiveRecord::Base:   CACHE StatusMessage Load (0.0ms)  SELECT  "posts".* FROM "posts" WHERE "posts"."type" IN ('StatusMessage') AND "posts"."id" = $1 LIMIT $2  [["id", 11], ["LIMIT", 1]]
[2019-02-24T14:51:16] DEBUG PID-22720 TID-47454376912320 ActiveRecord::Base:    (0.3ms)  SELECT "share_visibilities"."user_id" FROM "share_visibilities" WHERE "share_visibilities"."shareable_id" = $1 AND "share_visibilities"."shareable_type" = $2 AND "share_visibilities"."user_id" IN (1, 2, 3)  [["shareable_id", 11], ["shareable_type", "Post"]]
[2019-02-24T14:51:16] DEBUG PID-22720 TID-47454376912320 ActiveRecord::Base:   ShareVisibility Load (0.2ms)  SELECT  "share_visibilities".* FROM "share_visibilities" WHERE "share_visibilities"."user_id" = $1 AND "share_visibilities"."shareable_id" = $2 AND "share_visibilities"."shareable_type" = $3 LIMIT $4  [["user_id", 1], ["shareable_id", 11], ["shareable_type", "Post"], ["LIMIT", 1]]
[2019-02-24T14:51:16] DEBUG PID-22720 TID-47454376912320 ActiveRecord::Base:    (0.3ms)  BEGIN
[2019-02-24T14:51:16] DEBUG PID-22720 TID-47454376912320 ActiveRecord::Base:   User Load (0.3ms)  SELECT  "users".* FROM "users" WHERE "users"."id" = $1 LIMIT $2  [["id", 1], ["LIMIT", 1]]
[2019-02-24T14:51:16] DEBUG PID-22720 TID-47454376912320 ActiveRecord::Base:   Post Load (0.2ms)  SELECT  "posts".* FROM "posts" WHERE "posts"."id" = $1 LIMIT $2  [["id", 11], ["LIMIT", 1]]
[2019-02-24T14:51:16] DEBUG PID-22720 TID-47454376912320 ActiveRecord::Base:   SQL (0.4ms)  INSERT INTO "share_visibilities" ("shareable_id", "user_id") VALUES ($1, $2) RETURNING "id"  [["shareable_id", 11], ["user_id", 1]]
[2019-02-24T14:51:16] DEBUG PID-22720 TID-47454376912320 ActiveRecord::Base:    (8.9ms)  COMMIT
[2019-02-24T14:51:16] DEBUG PID-22720 TID-47454376912320 ActiveRecord::Base:   ShareVisibility Load (0.7ms)  SELECT  "share_visibilities".* FROM "share_visibilities" WHERE "share_visibilities"."user_id" = $1 AND "share_visibilities"."shareable_id" = $2 AND "share_visibilities"."shareable_type" = $3 LIMIT $4  [["user_id", 2], ["shareable_id", 11], ["shareable_type", "Post"], ["LIMIT", 1]]
[2019-02-24T14:51:16] DEBUG PID-22720 TID-47454376912320 ActiveRecord::Base:    (0.2ms)  BEGIN
[2019-02-24T14:51:16] DEBUG PID-22720 TID-47454376912320 ActiveRecord::Base:   User Load (0.4ms)  SELECT  "users".* FROM "users" WHERE "users"."id" = $1 LIMIT $2  [["id", 2], ["LIMIT", 1]]
[2019-02-24T14:51:16] DEBUG PID-22720 TID-47454376912320 ActiveRecord::Base:   Post Load (0.2ms)  SELECT  "posts".* FROM "posts" WHERE "posts"."id" = $1 LIMIT $2  [["id", 11], ["LIMIT", 1]]
[2019-02-24T14:51:16] DEBUG PID-22720 TID-47454376912320 ActiveRecord::Base:   SQL (0.4ms)  INSERT INTO "share_visibilities" ("shareable_id", "user_id") VALUES ($1, $2) RETURNING "id"  [["shareable_id", 11], ["user_id", 2]]
[2019-02-24T14:51:16] DEBUG PID-22720 TID-47454376912320 ActiveRecord::Base:    (1.7ms)  COMMIT
[2019-02-24T14:51:16] DEBUG PID-22720 TID-47454376912320 ActiveRecord::Base:   ShareVisibility Load (0.5ms)  SELECT  "share_visibilities".* FROM "share_visibilities" WHERE "share_visibilities"."user_id" = $1 AND "share_visibilities"."shareable_id" = $2 AND "share_visibilities"."shareable_type" = $3 LIMIT $4  [["user_id", 3], ["shareable_id", 11], ["shareable_type", "Post"], ["LIMIT", 1]]
[2019-02-24T14:51:16] DEBUG PID-22720 TID-47454376912320 ActiveRecord::Base:    (0.1ms)  BEGIN
[2019-02-24T14:51:16] DEBUG PID-22720 TID-47454376912320 ActiveRecord::Base:   User Load (0.4ms)  SELECT  "users".* FROM "users" WHERE "users"."id" = $1 LIMIT $2  [["id", 3], ["LIMIT", 1]]
[2019-02-24T14:51:16] DEBUG PID-22720 TID-47454376912320 ActiveRecord::Base:   Post Load (0.2ms)  SELECT  "posts".* FROM "posts" WHERE "posts"."id" = $1 LIMIT $2  [["id", 11], ["LIMIT", 1]]
[2019-02-24T14:51:16] DEBUG PID-22720 TID-47454376912320 ActiveRecord::Base:   SQL (0.6ms)  INSERT INTO "share_visibilities" ("shareable_id", "user_id") VALUES ($1, $2) RETURNING "id"  [["shareable_id", 11], ["user_id", 3]]
[2019-02-24T14:51:16] DEBUG PID-22720 TID-47454376912320 ActiveRecord::Base:    (11.5ms)  COMMIT
[2019-02-24T14:51:16] DEBUG PID-22720 TID-47454376912320 ActiveRecord::Base:   Photo Load (0.4ms)  SELECT "photos".* FROM "photos" WHERE "photos"."status_message_guid" = $1  [["status_message_guid", "08b89d301a50013735f128d244506873"]]
[2019-02-24T14:51:16] DEBUG PID-22720 TID-47454376912320 ActiveRecord::Base:    (1.0ms)  SELECT "share_visibilities"."user_id" FROM "share_visibilities" WHERE "share_visibilities"."shareable_id" = $1 AND "share_visibilities"."shareable_type" = $2 AND "share_visibilities"."user_id" IN (1, 2, 3)  [["shareable_id", 1], ["shareable_type", "Photo"]]
[2019-02-24T14:51:16] DEBUG PID-22720 TID-47454376912320 ActiveRecord::Base:   ShareVisibility Load (0.4ms)  SELECT  "share_visibilities".* FROM "share_visibilities" WHERE "share_visibilities"."user_id" = $1 AND "share_visibilities"."shareable_id" = $2 AND "share_visibilities"."shareable_type" = $3 LIMIT $4  [["user_id", 1], ["shareable_id", 1], ["shareable_type", "Photo"], ["LIMIT", 1]]
[2019-02-24T14:51:16] DEBUG PID-22720 TID-47454376912320 ActiveRecord::Base:    (0.1ms)  BEGIN
[2019-02-24T14:51:16] DEBUG PID-22720 TID-47454376912320 ActiveRecord::Base:   User Load (0.3ms)  SELECT  "users".* FROM "users" WHERE "users"."id" = $1 LIMIT $2  [["id", 1], ["LIMIT", 1]]
[2019-02-24T14:51:16] DEBUG PID-22720 TID-47454376912320 ActiveRecord::Base:   Photo Load (0.3ms)  SELECT  "photos".* FROM "photos" WHERE "photos"."id" = $1 LIMIT $2  [["id", 1], ["LIMIT", 1]]
[2019-02-24T14:51:16] DEBUG PID-22720 TID-47454376912320 ActiveRecord::Base:   SQL (0.3ms)  INSERT INTO "share_visibilities" ("shareable_id", "shareable_type", "user_id") VALUES ($1, $2, $3) RETURNING "id"  [["shareable_id", 1], ["shareable_type", "Photo"], ["user_id", 1]]
[2019-02-24T14:51:16] DEBUG PID-22720 TID-47454376912320 ActiveRecord::Base:    (4.3ms)  COMMIT
[2019-02-24T14:51:16] DEBUG PID-22720 TID-47454376912320 ActiveRecord::Base:   ShareVisibility Load (0.3ms)  SELECT  "share_visibilities".* FROM "share_visibilities" WHERE "share_visibilities"."user_id" = $1 AND "share_visibilities"."shareable_id" = $2 AND "share_visibilities"."shareable_type" = $3 LIMIT $4  [["user_id", 2], ["shareable_id", 1], ["shareable_type", "Photo"], ["LIMIT", 1]]
[2019-02-24T14:51:16] DEBUG PID-22720 TID-47454376912320 ActiveRecord::Base:    (0.2ms)  BEGIN
[2019-02-24T14:51:16] DEBUG PID-22720 TID-47454376912320 ActiveRecord::Base:   User Load (0.3ms)  SELECT  "users".* FROM "users" WHERE "users"."id" = $1 LIMIT $2  [["id", 2], ["LIMIT", 1]]
[2019-02-24T14:51:16] DEBUG PID-22720 TID-47454376912320 ActiveRecord::Base:   Photo Load (0.2ms)  SELECT  "photos".* FROM "photos" WHERE "photos"."id" = $1 LIMIT $2  [["id", 1], ["LIMIT", 1]]
[2019-02-24T14:51:16] DEBUG PID-22720 TID-47454376912320 ActiveRecord::Base:   SQL (0.3ms)  INSERT INTO "share_visibilities" ("shareable_id", "shareable_type", "user_id") VALUES ($1, $2, $3) RETURNING "id"  [["shareable_id", 1], ["shareable_type", "Photo"], ["user_id", 2]]
[2019-02-24T14:51:16] DEBUG PID-22720 TID-47454376912320 ActiveRecord::Base:    (4.0ms)  COMMIT
[2019-02-24T14:51:16] DEBUG PID-22720 TID-47454376912320 ActiveRecord::Base:   ShareVisibility Load (0.5ms)  SELECT  "share_visibilities".* FROM "share_visibilities" WHERE "share_visibilities"."user_id" = $1 AND "share_visibilities"."shareable_id" = $2 AND "share_visibilities"."shareable_type" = $3 LIMIT $4  [["user_id", 3], ["shareable_id", 1], ["shareable_type", "Photo"], ["LIMIT", 1]]
[2019-02-24T14:51:16] DEBUG PID-22720 TID-47454376912320 ActiveRecord::Base:    (0.1ms)  BEGIN
[2019-02-24T14:51:16] DEBUG PID-22720 TID-47454376912320 ActiveRecord::Base:   User Load (0.2ms)  SELECT  "users".* FROM "users" WHERE "users"."id" = $1 LIMIT $2  [["id", 3], ["LIMIT", 1]]
[2019-02-24T14:51:16] DEBUG PID-22720 TID-47454376912320 ActiveRecord::Base:   Photo Load (0.2ms)  SELECT  "photos".* FROM "photos" WHERE "photos"."id" = $1 LIMIT $2  [["id", 1], ["LIMIT", 1]]
[2019-02-24T14:51:16] DEBUG PID-22720 TID-47454376912320 ActiveRecord::Base:   SQL (0.4ms)  INSERT INTO "share_visibilities" ("shareable_id", "shareable_type", "user_id") VALUES ($1, $2, $3) RETURNING "id"  [["shareable_id", 1], ["shareable_type", "Photo"], ["user_id", 3]]
[2019-02-24T14:51:16] DEBUG PID-22720 TID-47454376912320 ActiveRecord::Base:    (2.6ms)  COMMIT
[2019-02-24T14:51:16] DEBUG PID-22720 TID-47454376912320 ActiveRecord::Base:   Person Load (0.3ms)  SELECT  "people".* FROM "people" WHERE "people"."id" = $1 LIMIT $2  [["id", 4], ["LIMIT", 1]]
[2019-02-24T14:51:16] DEBUG PID-22720 TID-47454376912320 ActiveRecord::Base:    (0.6ms)  SELECT "people"."id" FROM "people" WHERE "people"."owner_id" IN (1, 2, 3)
[2019-02-24T14:51:16] DEBUG PID-22720 TID-47454376912320 ActiveRecord::Base:   Mention Load (0.4ms)  SELECT "mentions".* FROM "mentions" INNER JOIN "people" ON "people"."id" = "mentions"."person_id" WHERE "mentions"."mentions_container_id" = $1 AND "mentions"."mentions_container_type" = $2 AND ("people"."owner_id" IS NOT NULL) AND ("mentions"."person_id" != 4) AND "mentions"."person_id" IN (1, 2, 3)  [["mentions_container_id", 11], ["mentions_container_type", "Post"]]
[2019-02-24T14:51:16] DEBUG PID-22720 TID-47454376912320 ActiveRecord::Base:   Profile Load (0.3ms)  SELECT  "profiles".* FROM "profiles" WHERE "profiles"."person_id" = $1 LIMIT $2  [["person_id", 4], ["LIMIT", 1]]
[2019-02-24T14:51:16] DEBUG PID-22720 TID-47454376912320 ActiveRecord::Base:   Mention Load (0.6ms)  SELECT "mentions".* FROM "mentions" WHERE "mentions"."mentions_container_id" = $1 AND "mentions"."mentions_container_type" = $2  [["mentions_container_id", 11], ["mentions_container_type", "Post"]]
[2019-02-24T14:51:16] DEBUG PID-22720 TID-47454376912320 ActiveRecord::Base:   CACHE Profile Load (0.0ms)  SELECT  "profiles".* FROM "profiles" WHERE "profiles"."person_id" = $1 LIMIT $2  [["person_id", 4], ["LIMIT", 1]]
[2019-02-24T14:51:16] DEBUG PID-22720 TID-47454376912320 ActiveRecord::Base:   Location Load (0.3ms)  SELECT  "locations".* FROM "locations" WHERE "locations"."status_message_id" = $1 LIMIT $2  [["status_message_id", 11], ["LIMIT", 1]]
[2019-02-24T14:51:16] DEBUG PID-22720 TID-47454376912320 ActiveRecord::Base:   Poll Load (0.2ms)  SELECT  "polls".* FROM "polls" WHERE "polls"."status_message_id" = $1 LIMIT $2  [["status_message_id", 11], ["LIMIT", 1]]
[2019-02-24T14:51:16] DEBUG PID-22720 TID-47454376912320 ActiveRecord::Base:   Participation Exists (0.4ms)  SELECT  1 AS one FROM "participations" WHERE "participations"."author_id" = $1 AND "participations"."target_id" = 11 LIMIT $2  [["author_id", 4], ["LIMIT", 1]]
[2019-02-24T14:51:16] DEBUG PID-22720 TID-47454376912320 ActiveRecord::Base:   Like Load (0.4ms)  SELECT  "likes".* FROM "likes" WHERE "likes"."target_id" = $1 AND "likes"."target_type" = $2 AND "likes"."positive" = $3 AND "likes"."author_id" = $4 LIMIT $5  [["target_id", 11], ["target_type", "Post"], ["positive", "t"], ["author_id", 4], ["LIMIT", 1]]
[2019-02-24T14:51:16] DEBUG PID-22720 TID-47454376912320 ActiveRecord::Base:   Reshare Load (0.3ms)  SELECT  "posts".* FROM "posts" WHERE "posts"."type" IN ('Reshare') AND "posts"."root_guid" = $1 AND "posts"."author_id" = $2 LIMIT $3  [["root_guid", "08b89d301a50013735f128d244506873"], ["author_id", 4], ["LIMIT", 1]]
[2019-02-24T14:51:16] INFO  PID-22720 TID-47454376912320 ActionController::Base: Completed 201 Created in 346ms (Views: 12.6ms | ActiveRecord: 133.8ms)


[2019-02-24T14:51:18] INFO  PID-22720 TID-47454376912320 Rails: Started GET "/notifications?per_page=10&page=1&_=1550419878412" for 127.0.0.1 at 2019-02-24 14:51:18 +0400
[2019-02-24T14:51:18] INFO  PID-22720 TID-47454376912320 ActionController::Base: Processing by NotificationsController#index as JSON
[2019-02-24T14:51:18] INFO  PID-22720 TID-47454376912320 ActionController::Base:   Parameters: {"per_page"=>"10", "page"=>"1", "_"=>"1550419878412"}
[2019-02-24T14:51:18] DEBUG PID-22720 TID-47454376912320 ActiveRecord::Base:   User Load (0.6ms)  SELECT  "users".* FROM "users" WHERE "users"."id" = $1 ORDER BY "users"."id" ASC LIMIT $2  [["id", 1], ["LIMIT", 1]]
[2019-02-24T14:51:18] DEBUG PID-22720 TID-47454376912320 ActiveRecord::Base:    (0.4ms)  SELECT COUNT(*) FROM "notifications" WHERE "notifications"."recipient_id" = $1  [["recipient_id", 1]]
[2019-02-24T14:51:18] DEBUG PID-22720 TID-47454376912320 ActiveRecord::Base:   Notification Load (0.4ms)  SELECT  "notifications".* FROM "notifications" WHERE "notifications"."recipient_id" = $1 ORDER BY updated_at desc LIMIT $2 OFFSET $3  [["recipient_id", 1], ["LIMIT", 10], ["OFFSET", 0]]
[2019-02-24T14:51:18] DEBUG PID-22720 TID-47454376912320 ActiveRecord::Base:   Person Load (0.5ms)  SELECT "people".* FROM "people" WHERE "people"."id" = 4
[2019-02-24T14:51:18] DEBUG PID-22720 TID-47454376912320 ActiveRecord::Base:   Post Load (0.5ms)  SELECT "posts".* FROM "posts" WHERE "posts"."id" IN (7, 1)
[2019-02-24T14:51:18] DEBUG PID-22720 TID-47454376912320 ActiveRecord::Base:   NotificationActor Load (0.3ms)  SELECT "notification_actors".* FROM "notification_actors" WHERE "notification_actors"."notification_id" IN (10, 8, 7, 4)
[2019-02-24T14:51:18] DEBUG PID-22720 TID-47454376912320 ActiveRecord::Base:   CACHE Person Load (0.0ms)  SELECT "people".* FROM "people" WHERE "people"."id" = 4
[2019-02-24T14:51:18] DEBUG PID-22720 TID-47454376912320 ActiveRecord::Base:   Profile Load (0.3ms)  SELECT "profiles".* FROM "profiles" WHERE "profiles"."person_id" = 4
[2019-02-24T14:51:18] DEBUG PID-22720 TID-47454376912320 ActiveRecord::Base:    (0.4ms)  SELECT COUNT(*) FROM "notifications" WHERE "notifications"."recipient_id" = $1 AND "notifications"."unread" = $2  [["recipient_id", 1], ["unread", "t"]]
[2019-02-24T14:51:18] DEBUG PID-22720 TID-47454376912320 ActiveRecord::Base:   Notification Load (0.3ms)  SELECT "notifications".* FROM "notifications" WHERE "notifications"."recipient_id" = $1 AND "notifications"."unread" = $2  [["recipient_id", 1], ["unread", "t"]]
[2019-02-24T14:51:18] DEBUG PID-22720 TID-47454376912320 ActiveRecord::Base:   Person Load (0.3ms)  SELECT  "people".* FROM "people" WHERE "people"."owner_id" = $1 LIMIT $2  [["owner_id", 1], ["LIMIT", 1]]
[2019-02-24T14:51:18] INFO  PID-22720 TID-47454376912320 ActionView::Base:   Rendered notifications/_notification.haml (8.1ms)
[2019-02-24T14:51:18] DEBUG PID-22720 TID-47454376912320 ActiveRecord::Base:   Person Load (0.3ms)  SELECT  "people".* FROM "people" WHERE "people"."id" = $1 LIMIT $2  [["id", 1], ["LIMIT", 1]]
[2019-02-24T14:51:18] DEBUG PID-22720 TID-47454376912320 ActiveRecord::Base:   Profile Load (0.2ms)  SELECT  "profiles".* FROM "profiles" WHERE "profiles"."person_id" = $1 LIMIT $2  [["person_id", 1], ["LIMIT", 1]]
[2019-02-24T14:51:18] DEBUG PID-22720 TID-47454376912320 ActiveRecord::Base:   Mention Load (0.3ms)  SELECT "mentions".* FROM "mentions" WHERE "mentions"."mentions_container_id" = $1 AND "mentions"."mentions_container_type" = $2  [["mentions_container_id", 7], ["mentions_container_type", "Post"]]
[2019-02-24T14:51:18] INFO  PID-22720 TID-47454376912320 ActionView::Base:   Rendered notifications/_notification.haml (4.9ms)
[2019-02-24T14:51:18] INFO  PID-22720 TID-47454376912320 ActionView::Base:   Rendered notifications/_notification.haml (2.1ms)
[2019-02-24T14:51:18] DEBUG PID-22720 TID-47454376912320 ActiveRecord::Base:   CACHE Person Load (0.0ms)  SELECT  "people".* FROM "people" WHERE "people"."id" = $1 LIMIT $2  [["id", 1], ["LIMIT", 1]]
[2019-02-24T14:51:18] DEBUG PID-22720 TID-47454376912320 ActiveRecord::Base:   CACHE Profile Load (0.0ms)  SELECT  "profiles".* FROM "profiles" WHERE "profiles"."person_id" = $1 LIMIT $2  [["person_id", 1], ["LIMIT", 1]]
[2019-02-24T14:51:18] DEBUG PID-22720 TID-47454376912320 ActiveRecord::Base:   Mention Load (0.3ms)  SELECT "mentions".* FROM "mentions" WHERE "mentions"."mentions_container_id" = $1 AND "mentions"."mentions_container_type" = $2  [["mentions_container_id", 1], ["mentions_container_type", "Post"]]
[2019-02-24T14:51:18] INFO  PID-22720 TID-47454376912320 ActionView::Base:   Rendered notifications/_notification.haml (4.2ms)
[2019-02-24T14:51:18] INFO  PID-22720 TID-47454376912320 ActionController::Base: Completed 200 OK in 40ms (Views: 0.6ms | ActiveRecord: 4.9ms)
