[2019-02-11T22:16:46] INFO  PID-9665 TID-47454376912320 Rails: Started POST "/status_messages" for 127.0.0.1 at 2019-02-11 22:16:46 +0400
[2019-02-11T22:16:46] INFO  PID-9665 TID-47454376912320 ActionController::Base: Processing by StatusMessagesController#create as JSON
[2019-02-11T22:16:46] INFO  PID-9665 TID-47454376912320 ActionController::Base:   Parameters: {"status_message"=>"[FILTERED]", "aspect_ids"=>"all_aspects", "location_coords"=>"", "poll_question"=>"", "poll_answers"=>["", ""]}
[2019-02-11T22:16:46] DEBUG PID-9665 TID-47454376912320 ActiveRecord::Base:   User Load (0.5ms)  SELECT  "users".* FROM "users" WHERE "users"."id" = $1 ORDER BY "users"."id" ASC LIMIT $2  [["id", 1], ["LIMIT", 1]]
[2019-02-11T22:16:46] DEBUG PID-9665 TID-47454376912320 ActionController::Base: Unpermitted parameter: :aspect_ids
[2019-02-11T22:16:46] DEBUG PID-9665 TID-47454376912320 ActiveRecord::Base:    (0.4ms)  SELECT "aspects"."id" FROM "aspects" WHERE "aspects"."user_id" = $1 ORDER BY order_id ASC  [["user_id", 1]]
[2019-02-11T22:16:46] DEBUG PID-9665 TID-47454376912320 ActiveRecord::Base:   Person Load (0.4ms)  SELECT  "people".* FROM "people" WHERE "people"."owner_id" = $1 LIMIT $2  [["owner_id", 1], ["LIMIT", 1]]
[2019-02-11T22:16:46] DEBUG PID-9665 TID-47454376912320 ActiveRecord::Base:   Aspect Load (0.5ms)  SELECT "aspects".* FROM "aspects" WHERE "aspects"."user_id" = $1 AND "aspects"."id" IN (1, 2, 3, 4) ORDER BY order_id ASC  [["user_id", 1]]
[2019-02-11T22:16:46] DEBUG PID-9665 TID-47454376912320 ActiveRecord::Base:    (0.3ms)  BEGIN
[2019-02-11T22:16:46] DEBUG PID-9665 TID-47454376912320 ActiveRecord::Base:   Post Exists (0.9ms)  SELECT  1 AS one FROM "posts" WHERE "posts"."guid" = $1 LIMIT $2  [["guid", "1daf5ca01057013735eb28d244506873"], ["LIMIT", 1]]
[2019-02-11T22:16:46] DEBUG PID-9665 TID-47454376912320 ActiveRecord::Base:   Post Exists (0.6ms)  SELECT  1 AS one FROM "posts" WHERE "posts"."id" IS NULL LIMIT $1  [["LIMIT", 1]]
[2019-02-11T22:16:46] DEBUG PID-9665 TID-47454376912320 ActiveRecord::Base:   SQL (0.5ms)  INSERT INTO "posts" ("author_id", "guid", "type", "text", "created_at", "updated_at") VALUES ($1, $2, $3, $4, $5, $6) RETURNING "id"  [["author_id", 1], ["guid", "1daf5ca01057013735eb28d244506873"], ["type", "StatusMessage"], ["text", "test123"], ["created_at", "2019-02-11 18:16:46.541439"], ["updated_at", "2019-02-11 18:16:46.541439"]]
[2019-02-11T22:16:46] DEBUG PID-9665 TID-47454376912320 ActiveRecord::Base:   SQL (0.5ms)  UPDATE "posts" SET "updated_at" = $1, "interacted_at" = $2 WHERE "posts"."id" = $3  [["updated_at", "2019-02-11 18:16:46.543840"], [:interacted_at, "2019-02-11 18:16:46.543840"], ["id", 7]]
[2019-02-11T22:16:46] DEBUG PID-9665 TID-47454376912320 ActiveRecord::Base:   ActsAsTaggableOn::Tag Load (1.0ms)  SELECT "tags".* FROM "tags" INNER JOIN "taggings" ON "tags"."id" = "taggings"."tag_id" WHERE "taggings"."taggable_id" = $1 AND "taggings"."taggable_type" = $2 AND (taggings.context = 'tags' AND taggings.tagger_id IS NULL)  [["taggable_id", 7], ["taggable_type", "Post"]]
[2019-02-11T22:16:46] DEBUG PID-9665 TID-47454376912320 ActiveRecord::Base:    (18.7ms)  COMMIT
[2019-02-11T22:16:46] DEBUG PID-9665 TID-47454376912320 ActiveRecord::Base:   Mention Load (0.3ms)  SELECT "mentions".* FROM "mentions" WHERE "mentions"."mentions_container_id" = $1 AND "mentions"."mentions_container_type" = $2  [["mentions_container_id", 7], ["mentions_container_type", "Post"]]
[2019-02-11T22:16:46] DEBUG PID-9665 TID-47454376912320 ActiveRecord::Base:    (0.1ms)  BEGIN
[2019-02-11T22:16:46] DEBUG PID-9665 TID-47454376912320 ActiveRecord::Base:   AspectVisibility Exists (0.3ms)  SELECT  1 AS one FROM "aspect_visibilities" WHERE "aspect_visibilities"."aspect_id" = $1 AND "aspect_visibilities"."shareable_id" = $2 AND "aspect_visibilities"."shareable_type" = $3 LIMIT $4  [["aspect_id", 1], ["shareable_id", 7], ["shareable_type", "Post"], ["LIMIT", 1]]
[2019-02-11T22:16:46] DEBUG PID-9665 TID-47454376912320 ActiveRecord::Base:   SQL (0.3ms)  INSERT INTO "aspect_visibilities" ("shareable_id", "aspect_id") VALUES ($1, $2) RETURNING "id"  [["shareable_id", 7], ["aspect_id", 1]]
[2019-02-11T22:16:46] DEBUG PID-9665 TID-47454376912320 ActiveRecord::Base:    (3.7ms)  COMMIT
[2019-02-11T22:16:46] DEBUG PID-9665 TID-47454376912320 ActiveRecord::Base:    (0.1ms)  BEGIN
[2019-02-11T22:16:46] DEBUG PID-9665 TID-47454376912320 ActiveRecord::Base:   AspectVisibility Exists (0.5ms)  SELECT  1 AS one FROM "aspect_visibilities" WHERE "aspect_visibilities"."aspect_id" = $1 AND "aspect_visibilities"."shareable_id" = $2 AND "aspect_visibilities"."shareable_type" = $3 LIMIT $4  [["aspect_id", 2], ["shareable_id", 7], ["shareable_type", "Post"], ["LIMIT", 1]]
[2019-02-11T22:16:46] DEBUG PID-9665 TID-47454376912320 ActiveRecord::Base:   SQL (0.6ms)  INSERT INTO "aspect_visibilities" ("shareable_id", "aspect_id") VALUES ($1, $2) RETURNING "id"  [["shareable_id", 7], ["aspect_id", 2]]
[2019-02-11T22:16:46] DEBUG PID-9665 TID-47454376912320 ActiveRecord::Base:    (2.3ms)  COMMIT
[2019-02-11T22:16:46] DEBUG PID-9665 TID-47454376912320 ActiveRecord::Base:    (0.2ms)  BEGIN
[2019-02-11T22:16:46] DEBUG PID-9665 TID-47454376912320 ActiveRecord::Base:   AspectVisibility Exists (0.4ms)  SELECT  1 AS one FROM "aspect_visibilities" WHERE "aspect_visibilities"."aspect_id" = $1 AND "aspect_visibilities"."shareable_id" = $2 AND "aspect_visibilities"."shareable_type" = $3 LIMIT $4  [["aspect_id", 3], ["shareable_id", 7], ["shareable_type", "Post"], ["LIMIT", 1]]
[2019-02-11T22:16:46] DEBUG PID-9665 TID-47454376912320 ActiveRecord::Base:   SQL (0.3ms)  INSERT INTO "aspect_visibilities" ("shareable_id", "aspect_id") VALUES ($1, $2) RETURNING "id"  [["shareable_id", 7], ["aspect_id", 3]]
[2019-02-11T22:16:46] DEBUG PID-9665 TID-47454376912320 ActiveRecord::Base:    (2.8ms)  COMMIT
[2019-02-11T22:16:46] DEBUG PID-9665 TID-47454376912320 ActiveRecord::Base:    (0.1ms)  BEGIN
[2019-02-11T22:16:46] DEBUG PID-9665 TID-47454376912320 ActiveRecord::Base:   AspectVisibility Exists (0.8ms)  SELECT  1 AS one FROM "aspect_visibilities" WHERE "aspect_visibilities"."aspect_id" = $1 AND "aspect_visibilities"."shareable_id" = $2 AND "aspect_visibilities"."shareable_type" = $3 LIMIT $4  [["aspect_id", 4], ["shareable_id", 7], ["shareable_type", "Post"], ["LIMIT", 1]]
[2019-02-11T22:16:46] DEBUG PID-9665 TID-47454376912320 ActiveRecord::Base:   SQL (0.5ms)  INSERT INTO "aspect_visibilities" ("shareable_id", "aspect_id") VALUES ($1, $2) RETURNING "id"  [["shareable_id", 7], ["aspect_id", 4]]
[2019-02-11T22:16:46] DEBUG PID-9665 TID-47454376912320 ActiveRecord::Base:    (2.8ms)  COMMIT
[2019-02-11T22:16:46] DEBUG PID-9665 TID-47454376912320 ActiveRecord::Base:   Photo Load (0.2ms)  SELECT "photos".* FROM "photos" WHERE "photos"."status_message_guid" = $1  [["status_message_guid", "1daf5ca01057013735eb28d244506873"]]
[2019-02-11T22:16:46] DEBUG PID-9665 TID-47454376912320 ActiveRecord::Base:    (0.7ms)  SELECT DISTINCT "contacts"."person_id" FROM "contacts" INNER JOIN "aspect_memberships" ON "aspect_memberships"."contact_id" = "contacts"."id" WHERE "aspect_memberships"."aspect_id" IN (SELECT "aspects"."id" FROM "aspects" INNER JOIN "aspect_visibilities" ON "aspects"."id" = "aspect_visibilities"."aspect_id" WHERE "aspect_visibilities"."shareable_id" = $1 AND "aspect_visibilities"."shareable_type" = $2)  [["shareable_id", 7], ["shareable_type", "Post"]]
[2019-02-11T22:16:46] DEBUG PID-9665 TID-47454376912320 ActiveRecord::Base:    (0.2ms)  BEGIN
[2019-02-11T22:16:46] DEBUG PID-9665 TID-47454376912320 ActiveRecord::Base:   Post Exists (0.3ms)  SELECT  1 AS one FROM "posts" WHERE "posts"."guid" = $1 AND ("posts"."id" != $2) LIMIT $3  [["guid", "1daf5ca01057013735eb28d244506873"], ["id", 7], ["LIMIT", 1]]
[2019-02-11T22:16:46] DEBUG PID-9665 TID-47454376912320 ActiveRecord::Base:   Post Exists (0.2ms)  SELECT  1 AS one FROM "posts" WHERE "posts"."id" = $1 AND ("posts"."id" != $2) LIMIT $3  [["id", 7], ["id", 7], ["LIMIT", 1]]
[2019-02-11T22:16:46] DEBUG PID-9665 TID-47454376912320 ActiveRecord::Base:   ActsAsTaggableOn::Tag Load (0.8ms)  SELECT "tags".* FROM "tags" INNER JOIN "taggings" ON "tags"."id" = "taggings"."tag_id" WHERE "taggings"."taggable_id" = $1 AND "taggings"."taggable_type" = $2 AND (taggings.context = 'tags' AND taggings.tagger_id IS NULL)  [["taggable_id", 7], ["taggable_type", "Post"]]
[2019-02-11T22:16:46] DEBUG PID-9665 TID-47454376912320 ActiveRecord::Base:    (0.2ms)  COMMIT
[2019-02-11T22:16:46] INFO  PID-9665 TID-47454376912320 User: user:1 dispatching StatusMessage:1daf5ca01057013735eb28d244506873
[2019-02-11T22:16:46] DEBUG PID-9665 TID-47454376912320 ActiveRecord::Base:   User Load (0.5ms)  SELECT  "users".* FROM "users" WHERE "users"."id" = $1 LIMIT $2  [["id", 1], ["LIMIT", 1]]
[2019-02-11T22:16:46] DEBUG PID-9665 TID-47454376912320 ActiveRecord::Base:   StatusMessage Load (0.6ms)  SELECT  "posts".* FROM "posts" WHERE "posts"."type" IN ('StatusMessage') AND "posts"."id" = $1 LIMIT $2  [["id", 7], ["LIMIT", 1]]
[2019-02-11T22:16:46] DEBUG PID-9665 TID-47454376912320 ActiveRecord::Base:   Service Load (0.3ms)  SELECT "services".* FROM "services" WHERE "services"."user_id" = $1 AND 1=0  [["user_id", 1]]
[2019-02-11T22:16:46] DEBUG PID-9665 TID-47454376912320 ActiveRecord::Base:   Person Load (0.3ms)  SELECT  "people".* FROM "people" WHERE "people"."id" = $1 LIMIT $2  [["id", 1], ["LIMIT", 1]]
[2019-02-11T22:16:46] DEBUG PID-9665 TID-47454376912320 ActiveRecord::Base:   CACHE User Load (0.0ms)  SELECT  "users".* FROM "users" WHERE "users"."id" = $1 LIMIT $2  [["id", 1], ["LIMIT", 1]]
[2019-02-11T22:16:46] DEBUG PID-9665 TID-47454376912320 ActiveRecord::Base:   Aspect Load (0.3ms)  SELECT "aspects".* FROM "aspects" WHERE "aspects"."user_id" = $1 ORDER BY order_id ASC  [["user_id", 1]]
[2019-02-11T22:16:46] DEBUG PID-9665 TID-47454376912320 ActiveRecord::Base:   Aspect Load (0.4ms)  SELECT "aspects".* FROM "aspects" INNER JOIN "aspect_visibilities" ON "aspect_visibilities"."aspect_id" = "aspects"."id" WHERE "aspects"."user_id" = $1 AND "aspect_visibilities"."shareable_id" = $2 AND "aspect_visibilities"."shareable_type" = $3 ORDER BY order_id ASC  [["user_id", 1], ["shareable_id", 7], ["shareable_type", "Post"]]
[2019-02-11T22:16:46] DEBUG PID-9665 TID-47454376912320 ActiveRecord::Base:   Person Load (0.5ms)  SELECT DISTINCT "people".* FROM "people" INNER JOIN "contacts" ON "contacts"."person_id" = "people"."id" INNER JOIN "aspect_memberships" ON "aspect_memberships"."contact_id" = "contacts"."id" WHERE "aspect_memberships"."aspect_id" IN (1, 2, 3, 4)
[2019-02-11T22:16:46] DEBUG PID-9665 TID-47454376912320 ActiveRecord::Base:   CACHE StatusMessage Load (0.0ms)  SELECT  "posts".* FROM "posts" WHERE "posts"."type" IN ('StatusMessage') AND "posts"."id" = $1 LIMIT $2  [["id", 7], ["LIMIT", 1]]
[2019-02-11T22:16:46] DEBUG PID-9665 TID-47454376912320 ActiveRecord::Base:    (0.2ms)  SELECT "share_visibilities"."user_id" FROM "share_visibilities" WHERE "share_visibilities"."shareable_id" = $1 AND "share_visibilities"."shareable_type" = $2 AND "share_visibilities"."user_id" = 4  [["shareable_id", 7], ["shareable_type", "Post"]]
[2019-02-11T22:16:46] DEBUG PID-9665 TID-47454376912320 ActiveRecord::Base:   ShareVisibility Load (0.2ms)  SELECT  "share_visibilities".* FROM "share_visibilities" WHERE "share_visibilities"."user_id" = $1 AND "share_visibilities"."shareable_id" = $2 AND "share_visibilities"."shareable_type" = $3 LIMIT $4  [["user_id", 4], ["shareable_id", 7], ["shareable_type", "Post"], ["LIMIT", 1]]
[2019-02-11T22:16:46] DEBUG PID-9665 TID-47454376912320 ActiveRecord::Base:    (0.1ms)  BEGIN
[2019-02-11T22:16:46] DEBUG PID-9665 TID-47454376912320 ActiveRecord::Base:   User Load (0.3ms)  SELECT  "users".* FROM "users" WHERE "users"."id" = $1 LIMIT $2  [["id", 4], ["LIMIT", 1]]
[2019-02-11T22:16:46] DEBUG PID-9665 TID-47454376912320 ActiveRecord::Base:   Post Load (0.5ms)  SELECT  "posts".* FROM "posts" WHERE "posts"."id" = $1 LIMIT $2  [["id", 7], ["LIMIT", 1]]
[2019-02-11T22:16:46] DEBUG PID-9665 TID-47454376912320 ActiveRecord::Base:   SQL (0.6ms)  INSERT INTO "share_visibilities" ("shareable_id", "user_id") VALUES ($1, $2) RETURNING "id"  [["shareable_id", 7], ["user_id", 4]]
[2019-02-11T22:16:46] DEBUG PID-9665 TID-47454376912320 ActiveRecord::Base:    (2.1ms)  COMMIT
[2019-02-11T22:16:46] DEBUG PID-9665 TID-47454376912320 ActiveRecord::Base:   Photo Load (0.2ms)  SELECT "photos".* FROM "photos" WHERE "photos"."status_message_guid" = $1  [["status_message_guid", "1daf5ca01057013735eb28d244506873"]]
[2019-02-11T22:16:46] DEBUG PID-9665 TID-47454376912320 ActiveRecord::Base:   Person Load (0.2ms)  SELECT  "people".* FROM "people" WHERE "people"."id" = $1 LIMIT $2  [["id", 1], ["LIMIT", 1]]
[2019-02-11T22:16:46] DEBUG PID-9665 TID-47454376912320 ActiveRecord::Base:    (0.2ms)  SELECT "people"."id" FROM "people" WHERE "people"."owner_id" = 4
[2019-02-11T22:16:46] DEBUG PID-9665 TID-47454376912320 ActiveRecord::Base:   Mention Load (0.3ms)  SELECT "mentions".* FROM "mentions" INNER JOIN "people" ON "people"."id" = "mentions"."person_id" WHERE "mentions"."mentions_container_id" = $1 AND "mentions"."mentions_container_type" = $2 AND ("people"."owner_id" IS NOT NULL) AND ("mentions"."person_id" != 1) AND "mentions"."person_id" = 4  [["mentions_container_id", 7], ["mentions_container_type", "Post"]]
[2019-02-11T22:16:46] DEBUG PID-9665 TID-47454376912320 ActiveRecord::Base:   Profile Load (0.2ms)  SELECT  "profiles".* FROM "profiles" WHERE "profiles"."person_id" = $1 LIMIT $2  [["person_id", 1], ["LIMIT", 1]]
[2019-02-11T22:16:46] DEBUG PID-9665 TID-47454376912320 ActiveRecord::Base:   Mention Load (0.7ms)  SELECT "mentions".* FROM "mentions" WHERE "mentions"."mentions_container_id" = $1 AND "mentions"."mentions_container_type" = $2  [["mentions_container_id", 7], ["mentions_container_type", "Post"]]
[2019-02-11T22:16:46] DEBUG PID-9665 TID-47454376912320 ActiveRecord::Base:   Location Load (0.2ms)  SELECT  "locations".* FROM "locations" WHERE "locations"."status_message_id" = $1 LIMIT $2  [["status_message_id", 7], ["LIMIT", 1]]
[2019-02-11T22:16:46] DEBUG PID-9665 TID-47454376912320 ActiveRecord::Base:   Poll Load (0.2ms)  SELECT  "polls".* FROM "polls" WHERE "polls"."status_message_id" = $1 LIMIT $2  [["status_message_id", 7], ["LIMIT", 1]]
[2019-02-11T22:16:46] DEBUG PID-9665 TID-47454376912320 ActiveRecord::Base:   Participation Exists (0.5ms)  SELECT  1 AS one FROM "participations" WHERE "participations"."author_id" = $1 AND "participations"."target_id" = 7 LIMIT $2  [["author_id", 1], ["LIMIT", 1]]
[2019-02-11T22:16:46] DEBUG PID-9665 TID-47454376912320 ActiveRecord::Base:   Like Load (0.4ms)  SELECT  "likes".* FROM "likes" WHERE "likes"."target_id" = $1 AND "likes"."target_type" = $2 AND "likes"."positive" = $3 AND "likes"."author_id" = $4 LIMIT $5  [["target_id", 7], ["target_type", "Post"], ["positive", "t"], ["author_id", 1], ["LIMIT", 1]]
[2019-02-11T22:16:46] DEBUG PID-9665 TID-47454376912320 ActiveRecord::Base:   Reshare Load (0.3ms)  SELECT  "posts".* FROM "posts" WHERE "posts"."type" IN ('Reshare') AND "posts"."root_guid" = $1 AND "posts"."author_id" = $2 LIMIT $3  [["root_guid", "1daf5ca01057013735eb28d244506873"], ["author_id", 1], ["LIMIT", 1]]
[2019-02-11T22:16:46] INFO  PID-9665 TID-47454376912320 ActionController::Base: Completed 201 Created in 130ms (Views: 11.0ms | ActiveRecord: 53.6ms)


